This is pdfTeX, Version 3.141592653-2.6-1.40.29 (TeX Live 2026/Arch Linux) (preloaded format=pdflatex 2026.3.10)  13 MAR 2026 17:47
entering extended mode
 restricted \write18 enabled.
 %&-line parsing enabled.
**main.tex
(./main.tex
LaTeX2e <2025-11-01>
L3 programming layer <2026-01-19>
(./byuthesis.cls
Document Class: byuthesis 2023/05/01 v1.0 BYU thesis
(/usr/share/texmf-dist/tex/latex/memoir/memoir.cls
Document Class: memoir 2025/11/04 v3.8.4b configurable book, report, article do
cument class
(/usr/share/texmf-dist/tex/latex/xpatch/xpatch.sty
(/usr/share/texmf-dist/tex/latex/l3kernel/expl3.sty
Package: expl3 2026-01-19 L3 programming layer (loader) 

(/usr/share/texmf-dist/tex/latex/l3backend/l3backend-pdftex.def
File: l3backend-pdftex.def 2025-10-09 L3 backend support: PDF output (pdfTeX)
\l__color_backend_stack_int=\count275
))
Package: xpatch 2020/03/25 v0.3a Extending etoolbox patching commands

(/usr/share/texmf-dist/tex/latex/l3packages/xparse/xparse.sty
Package: xparse 2025-10-09 L3 Experimental document command parser
)
(/usr/share/texmf-dist/tex/latex/etoolbox/etoolbox.sty
Package: etoolbox 2025/10/02 v2.5m e-TeX tools for LaTeX (JAW)
\etb@tempcnta=\count276
))
\onelineskip=\skip49
\lxvchars=\skip50
\xlvchars=\skip51
\@memcnta=\count277
\c@@memmarkcntra=\count278

(/usr/share/texmf-dist/tex/generic/iftex/iftex.sty
Package: iftex 2024/12/12 v1.0g TeX engine tests
)
\trimtop=\skip52
\trimedge=\skip53

(/usr/share/texmf-dist/tex/latex/memoir/mem11.clo
File: mem11.clo 2022/07/29 v0.5 memoir class 11pt size option
)
\binding=\skip54
\spinemargin=\skip55
\foremargin=\skip56
\uppermargin=\skip57
\lowermargin=\skip58
\headdrop=\skip59
\normalrulethickness=\skip60
\mem@maxheadheight=\skip61
\mem@maxfootheight=\skip62
\headwidth=\skip63
\c@storedpagenumber=\count279
\memPD=\dimen148
\m@mabparskip=\skip64
\thanksmarkwidth=\skip65
\thanksmarksep=\skip66
\droptitle=\skip67
\c@book=\count280
\c@part=\count281
\c@chapter=\count282
\c@section=\count283
\c@subsection=\count284
\c@subsubsection=\count285
\c@paragraph=\count286
\c@subparagraph=\count287
\beforechapskip=\skip68
\midchapskip=\skip69
\afterchapskip=\skip70
\chapindent=\skip71
\bottomsectionskip=\skip72
\secindent=\skip73
\beforesecskip=\skip74
\aftersecskip=\skip75
\subsecindent=\skip76
\beforesubsecskip=\skip77
\aftersubsecskip=\skip78
\subsubsecindent=\skip79
\beforesubsubsecskip=\skip80
\aftersubsubsecskip=\skip81
\paraindent=\skip82
\beforeparaskip=\skip83
\afterparaskip=\skip84
\subparaindent=\skip85
\beforesubparaskip=\skip86
\aftersubparaskip=\skip87
\pfbreakskip=\skip88
\c@@ppsavesec=\count288
\c@@ppsaveapp=\count289
\ragrparindent=\dimen149
\everylistparindent=\dimen150
\parsepi=\skip89
\topsepi=\skip90
\itemsepi=\skip91
\parsepii=\skip92
\topsepii=\skip93
\topsepiii=\skip94
\itemsepii=\skip95
\itemsepiii=\skip96
\partopsepii=\skip97
\partopsepiii=\skip98
\m@msavetopsep=\skip99
\m@msavepartopsep=\skip100
\@enLab=\toks17
\abstitleskip=\skip101
\absleftindent=\skip102
\abs@leftindent=\dimen151
\absrightindent=\skip103
\absparindent=\skip104
\absparsep=\skip105
\c@vslineno=\count290
\c@poemline=\count291
\c@modulo@vs=\count292
\c@memfvsline=\count293
\vleftskip=\skip106
\vrightskip=\skip107
\stanzaskip=\skip108
\versewidth=\skip109
\vgap=\skip110
\vindent=\skip111
\vleftmargin=\dimen152
\c@verse=\count294
\c@chrsinstr=\count295
\beforepoemtitleskip=\skip112
\afterpoemtitleskip=\skip113
\c@poem=\count296
\beforePoemTitleskip=\skip114
\midPoemTitleskip=\skip115
\afterPoemTitleskip=\skip116

(/usr/share/texmf-dist/tex/latex/tools/array.sty
Package: array 2025/09/25 v2.6n Tabular extension package (FMi)
\col@sep=\dimen153
\ar@mcellbox=\box53
\extrarowheight=\dimen154
\NC@list=\toks18
\extratabsurround=\skip117
\backup@length=\skip118
\ar@cellbox=\box54
)
(/usr/share/texmf-dist/tex/latex/tools/dcolumn.sty
Package: dcolumn 2025/10/21 v1.06 decimal alignment package (DPC)
)
(/usr/share/texmf-dist/tex/latex/tools/delarray.sty
Package: delarray 2014/10/28 v1.01 array delimiter package (DPC)
)
(/usr/share/texmf-dist/tex/latex/tools/tabularx.sty
Package: tabularx 2023/12/11 v2.12a `tabularx' package (DPC)
\TX@col@width=\dimen155
\TX@old@table=\dimen156
\TX@old@col=\dimen157
\TX@target=\dimen158
\TX@delta=\dimen159
\TX@cols=\count297
\TX@ftn=\toks19
)
(/usr/share/texmf-dist/tex/latex/booktabs/booktabs.sty
Package: booktabs 2020/01/12 v1.61803398 Publication quality tables
\heavyrulewidth=\dimen160
\lightrulewidth=\dimen161
\cmidrulewidth=\dimen162
\belowrulesep=\dimen163
\belowbottomsep=\dimen164
\aboverulesep=\dimen165
\abovetopsep=\dimen166
\cmidrulesep=\dimen167
\cmidrulekern=\dimen168
\defaultaddspace=\dimen169
\@cmidla=\count298
\@cmidlb=\count299
\@aboverulesep=\dimen170
\@belowrulesep=\dimen171
\@thisruleclass=\count300
\@lastruleclass=\count301
\@thisrulewidth=\dimen172
)
\ctableftskip=\skip119
\ctabrightskip=\skip120
\abovecolumnspenalty=\count302
\@linestogo=\count303
\@cellstogo=\count304
\@cellsincolumn=\count305
\crtok=\toks20
\@mincolumnwidth=\dimen173
\c@newflo@tctr=\count306
\mem@margin@floatbox=\box55
\@contcwidth=\skip121
\@contindw=\skip122
\abovecaptionskip=\skip123
\belowcaptionskip=\skip124
\subfloattopskip=\skip125
\subfloatcapskip=\skip126
\subfloatcaptopadj=\skip127
\subfloatbottomskip=\skip128
\subfloatlabelskip=\skip129
\subfloatcapmargin=\dimen174
\c@@contsubnum=\count307
\m@mscap@capbox=\box56
\m@mscap@fbox=\box57
\sidecapsep=\dimen175
\sidecapwidth=\dimen176
\m@m@tempdima=\dimen177
\m@mscapraise=\dimen178
\sidecapraise=\dimen179
\m@mscapmainwidth=\dimen180
\m@mscaplkern=\dimen181
\beforeepigraphskip=\skip130
\afterepigraphskip=\skip131
\epigraphwidth=\skip132
\epigraphrule=\skip133

(/usr/share/texmf-dist/tex/latex/hyperref/nameref.sty
Package: nameref 2026-01-29 v2.58 Cross-referencing by name of section

(/usr/share/texmf-dist/tex/latex/refcount/refcount.sty
Package: refcount 2019/12/15 v3.6 Data extraction from label references (HO)

(/usr/share/texmf-dist/tex/generic/ltxcmds/ltxcmds.sty
Package: ltxcmds 2023-12-04 v1.26 LaTeX kernel commands for general use (HO)
)
(/usr/share/texmf-dist/tex/generic/infwarerr/infwarerr.sty
Package: infwarerr 2019/12/03 v1.5 Providing info/warning/error messages (HO)
))
(/usr/share/texmf-dist/tex/generic/gettitlestring/gettitlestring.sty
Package: gettitlestring 2019/12/15 v1.6 Cleanup title references (HO)

(/usr/share/texmf-dist/tex/latex/kvoptions/kvoptions.sty
Package: kvoptions 2022-06-15 v3.15 Key value format for package options (HO)

(/usr/share/texmf-dist/tex/latex/graphics/keyval.sty
Package: keyval 2022/05/29 v1.15 key=value parser (DPC)
\KV@toks@=\toks21
)
(/usr/share/texmf-dist/tex/latex/kvsetkeys/kvsetkeys.sty
Package: kvsetkeys 2022-10-05 v1.19 Key value parser (HO)
)))
\c@section@level=\count308
)
\tocentryskip=\skip134
\tocbaseline=\skip135
\cftparskip=\skip136
\cftbeforebookskip=\skip137
\cftbookindent=\dimen182
\cftbooknumwidth=\dimen183
\cftbeforepartskip=\skip138
\cftpartindent=\skip139
\cftpartnumwidth=\skip140
\cftbeforechapterskip=\skip141
\cftchapterindent=\skip142
\cftchapternumwidth=\skip143
\cftbeforesectionskip=\skip144
\cftsectionindent=\skip145
\cftsectionnumwidth=\skip146
\cftbeforesubsectionskip=\skip147
\cftsubsectionindent=\skip148
\cftsubsectionnumwidth=\skip149
\cftbeforesubsubsectionskip=\skip150
\cftsubsubsectionindent=\skip151
\cftsubsubsectionnumwidth=\skip152
\cftbeforeparagraphskip=\skip153
\cftparagraphindent=\skip154
\cftparagraphnumwidth=\skip155
\cftbeforesubparagraphskip=\skip156
\cftsubparagraphindent=\skip157
\cftsubparagraphnumwidth=\skip158
\prechapterprecisshift=\dimen184
\c@maxsecnumdepth=\count309
\bibindent=\dimen185
\bibitemsep=\skip159
\indexcolsep=\skip160
\indexrule=\skip161
\indexmarkstyle=\toks22
\@indexbox=\insert252
LaTeX Info: Redefining \raggedbottom on input line 8095.
LaTeX Info: Redefining \flushbottom on input line 8099.
\glossarycolsep=\dimen186
\glossaryrule=\dimen187
\sideparvshift=\skip162
\sideins=\insert251
\sidebartopsep=\skip163
\sidebarhsep=\skip164
\sidebarvsep=\skip165
\sidebarwidth=\skip166
\footmarkwidth=\skip167
\footmarksep=\skip168
\footparindent=\skip169
\footinsdim=\skip170
\footinsv@r=\insert250
\@mpfootinsv@r=\insert249
\m@m@k=\count310
\m@m@h=\dimen188
\m@mipn@skip=\skip171
\sidefootins=\insert248
\sidefootadjust=\skip172
\sidefootheight=\skip173
\sidefoothsep=\skip174
\sidefootvsep=\skip175
\sidefootwidth=\skip176
\m@mdownsf=\skip177
\c@sidefootnote=\count311
\sidefootmarkwidth=\skip178
\sidefootmarksep=\skip179
\sidefootparindent=\skip180
\c@pagenote=\count312
\c@pagenoteshadow=\count313
\mem@pn@lastkern=\skip181

(/usr/share/texmf-dist/tex/latex/tools/verbatim.sty
Package: verbatim 2024-01-22 v1.5x LaTeX2e package for verbatim enhancements
\every@verbatim=\toks23
\verbatim@line=\toks24
\verbatim@in@stream=\read2
)
\verbatimindent=\skip182
\verbatim@out=\write3

(/usr/share/texmf-dist/tex/latex/base/shortvrb.sty
Package: shortvrb 2024/12/25 v3.0q Standard LaTeX documentation package V3 (FMi
)
)
\bvboxsep=\skip183
\c@memfbvline=\count314
\c@bvlinectr=\count315
\bvnumlength=\skip184
\fb@frw=\dimen189
\fb@frh=\dimen190
\FrameRule=\dimen191
\FrameSep=\dimen192
\c@cp@cntr=\count316
\c@ism@mctr=\count317
\c@xsm@mctr=\count318
\c@csm@mctr=\count319
\c@ksm@mctr=\count320
\c@xksm@mctr=\count321
\c@cksm@mctr=\count322
\c@msm@mctr=\count323
\c@xmsm@mctr=\count324
\c@cmsm@mctr=\count325
\c@bsm@mctr=\count326
\c@workm@mctr=\count327
\c@sheetsequence=\count328
\c@lastsheet=\count329
\c@lastpage=\count330
\c@figure=\count331
\c@lofdepth=\count332
\cftbeforefigureskip=\skip185
\cftfigureindent=\skip186
\cftfigurenumwidth=\skip187
\c@table=\count333
\c@lotdepth=\count334
\cftbeforetableskip=\skip188
\cfttableindent=\skip189
\cfttablenumwidth=\skip190
Package abstract [2008/07/23] emulated by memoir.
Package appendix [2008/07/23] emulated by memoir.
Package ccaption [2008/07/23] emulated by memoir.
Package changepage [2008/07/23] emulated by memoir.
Package chngcntr [2008/07/23] emulated by memoir.
Package chngpage [2008/07/23] emulated by memoir.
Package crop emulated by memoir.
Package enumerate [2008/07/23] emulated by memoir.
Package epigraph [2008/07/23] emulated by memoir.
Package ifmtarg [2008/07/23] emulated by memoir.
Package index [2008/07/23] emulated by memoir.
Package makeidx [2008/07/23] emulated by memoir.
Package moreverb [2008/07/23] emulated by memoir.
Package needspace [2008/07/23] emulated by memoir.
Package newfile [2008/07/23] emulated by memoir.
Package nextpage [2008/07/23] emulated by memoir.
Package pagenote [2008/07/23] emulated by memoir.
Package parskip [2008/07/23] emulated by memoir.
Package patchcmd [2008/07/23] emulated by memoir.
Package setspace [2008/07/23] emulated by memoir.
Package showidx [2008/07/23] emulated by memoir.
Package titleref [2008/07/23] emulated by memoir.
Package titling [2008/07/23] emulated by memoir.
Package tocbibind [2008/07/23] emulated by memoir.
Package tocloft [2008/07/23] emulated by memoir.
Package tocvsec2 [2008/07/23] emulated by memoir.
Package verse [2008/07/23] emulated by memoir.
)
(/usr/share/texmf-dist/tex/latex/memoir/memhfixc.sty
Package: memhfixc 2025/09/16 v1.24 hyperref package fixes for memoir class
)

******************************************************
Stock height and width: 794.96999pt by 614.295pt
Top and edge trims: 0pt and 0pt
Page height and width: 794.96999pt by 614.295pt
Text height and width: 650.20029pt by 361pt
Spine and edge margins: 126.47249pt and 126.47249pt
Upper and lower margins: 72.26999pt and 72.49971pt
Headheight and headsep: 13.6pt and 19.8738pt
Footskip: 27.46295pt
Columnsep and columnseprule: 10pt and 0pt
Marginparsep and marginparwidth: 7pt and 112.47249pt
Sidecapsep and sidecapwidth: 7pt and 57pt
Sidebarhsep and sidebarwidth: 7pt and 57pt
Sidebarvsep and sidebartopsep: 13.6pt and 0pt
Sidebarheight: 539.9202pt
Sidefoothsep and sidefootwidth: 7pt and 57pt
Sidefootvsep and sidefootheight: 13.6pt and 539.9202pt
******************************************************

(/usr/share/texmf-dist/tex/latex/microtype/microtype.sty
Package: microtype 2026/03/01 v3.2d Micro-typographical refinements (RS)
\MT@toks=\toks25
\MT@tempbox=\box58
\MT@count=\count335
LaTeX Info: Redefining \noprotrusionifhmode on input line 1084.
LaTeX Info: Redefining \leftprotrusion on input line 1085.
\MT@prot@toks=\toks26
LaTeX Info: Redefining \rightprotrusion on input line 1104.
LaTeX Info: Redefining \textls on input line 1449.
\MT@outer@kern=\dimen193
LaTeX Info: Redefining \microtypecontext on input line 2053.
LaTeX Info: Redefining \textmicrotypecontext on input line 2070.
\MT@listname@count=\count336

(/usr/share/texmf-dist/tex/latex/microtype/microtype-pdftex.def
File: microtype-pdftex.def 2026/03/01 v3.2d Definitions specific to pdftex (RS)

LaTeX Info: Redefining \lsstyle on input line 944.
LaTeX Info: Redefining \lslig on input line 944.
\MT@outer@space=\skip191
)
Package microtype Info: Loading configuration file microtype.cfg.

(/usr/share/texmf-dist/tex/latex/microtype/microtype.cfg
File: microtype.cfg 2026/03/01 v3.2d microtype main configuration file (RS)
)
LaTeX Info: Redefining \microtypesetup on input line 3065.
)
(/usr/share/texmf-dist/tex/latex/base/fontenc.sty
Package: fontenc 2025/07/18 v2.1d Standard LaTeX package
)
(/usr/share/texmf-dist/tex/latex/newpx/newpxtext.sty
Package: newpxtext 2025/06/07 v1.542 LaTeX and unicode LaTeX support for TeXGyr
ePagellaX (Michael Sharpe)

`newpxtext' v1.542, 2025/06/07 Text macros taking advantage of TeXGyre Pagella 
and its extensions (msharpe) (/usr/share/texmf-dist/tex/latex/base/fontenc.sty
Package: fontenc 2025/07/18 v2.1d Standard LaTeX package
) (/usr/share/texmf-dist/tex/latex/xcolor/xcolor.sty
Package: xcolor 2024/09/29 v3.02 LaTeX color extensions (UK)

(/usr/share/texmf-dist/tex/latex/graphics-cfg/color.cfg
File: color.cfg 2016/01/02 v1.6 sample color configuration
)
Package xcolor Info: Driver file: pdftex.def on input line 274.

(/usr/share/texmf-dist/tex/latex/graphics-def/pdftex.def
File: pdftex.def 2025/09/29 v1.2d Graphics/color driver for pdftex
)
(/usr/share/texmf-dist/tex/latex/graphics/mathcolor.ltx)
Package xcolor Info: Model `cmy' substituted by `cmy0' on input line 1349.
Package xcolor Info: Model `hsb' substituted by `rgb' on input line 1353.
Package xcolor Info: Model `RGB' extended on input line 1365.
Package xcolor Info: Model `HTML' substituted by `rgb' on input line 1367.
Package xcolor Info: Model `Hsb' substituted by `hsb' on input line 1368.
Package xcolor Info: Model `tHsb' substituted by `hsb' on input line 1369.
Package xcolor Info: Model `HSB' substituted by `hsb' on input line 1370.
Package xcolor Info: Model `Gray' substituted by `gray' on input line 1371.
Package xcolor Info: Model `wave' substituted by `hsb' on input line 1372.
)
(/usr/share/texmf-dist/tex/latex/xkeyval/xkeyval.sty
Package: xkeyval 2025/11/04 v2.10 package option processing (HA)

(/usr/share/texmf-dist/tex/generic/xkeyval/xkeyval.tex
(/usr/share/texmf-dist/tex/generic/xkeyval/xkvutils.tex
\XKV@toks=\toks27
\XKV@tempa@toks=\toks28
\XKV@tempb@toks=\toks29
)
\XKV@depth=\count337
File: xkeyval.tex 2014/12/03 v2.7a key=value parser (HA)
))
(/usr/share/texmf-dist/tex/latex/base/textcomp.sty
Package: textcomp 2024/04/24 v2.1b Standard LaTeX package
)
(/usr/share/texmf-dist/tex/generic/xstring/xstring.sty
(/usr/share/texmf-dist/tex/generic/xstring/xstring.tex
\xs_counta=\count338
\xs_countb=\count339
)
Package: xstring 2023/08/22 v1.86 String manipulations (CT)
)
(/usr/share/texmf-dist/tex/latex/base/ifthen.sty
Package: ifthen 2024/03/16 v1.1e Standard LaTeX ifthen package (DPC)
)
(/usr/share/texmf-dist/tex/latex/carlisle/scalefnt.sty)
LaTeX Font Info:    Setting zplLF sub-encoding to TS1/0 on input line 40.
LaTeX Font Info:    Setting zplTLF sub-encoding to TS1/0 on input line 40.
LaTeX Font Info:    Setting zplOsF sub-encoding to TS1/0 on input line 40.
LaTeX Font Info:    Setting zplTOsF sub-encoding to TS1/0 on input line 40.
\zpl@cnt=\count340

(/usr/share/texmf-dist/tex/latex/fontaxes/fontaxes.sty
Package: fontaxes 2026-01-02 v2.0.2 Font selection axes (deprecated)
Applying: [2024-11-01] Use figureversions if present on input line 74.

(/usr/share/texmf-dist/tex/latex/figureversions/figureversions.sty
Package: figureversions 2025-04-29 v1.0.1 Figure versions
)
Already applied: [0000-00-00] Fall back to v1 on input line 76.
)
\zpl@sixem=\dimen194
\zpl@y=\dimen195
\zpl@x=\dimen196
\zpl@tmpdima=\dimen197
\zpl@tmpdimb=\dimen198
\zpl@tmpdimc=\dimen199
\zpl@tmpdimd=\dimen256
\zpl@tmpdime=\dimen257
\zpl@tmpdimf=\dimen258
\zpl@dimA=\dimen259
\zpl@dimAA=\dimen260
\zpl@dimB=\dimen261
\zpl@dimBB=\dimen262
\zpl@dimC=\dimen263
LaTeX Info: Redefining \oldstylenums on input line 807.
LaTeX Font Info:    Trying to load font information for T1+zplLF on input line 
815.

(/usr/share/texmf-dist/tex/latex/newpx/t1zpllf.fd
File: t1zpllf.fd 2021/05/25 v1.0 font definition file for T1/zpl/lf
)
LaTeX Font Info:    Trying to load font information for T1+zplTLF on input line
 816.

(/usr/share/texmf-dist/tex/latex/newpx/t1zpltlf.fd
File: t1zpltlf.fd 2021/05/25 v1.0 font definition file for T1/zpl/tlf
)
LaTeX Font Info:    Trying to load font information for T1+zplOsF on input line
 817.

(/usr/share/texmf-dist/tex/latex/newpx/t1zplosf.fd
File: t1zplosf.fd 2021/05/25 v1.0 font definition file for T1/zpl/osf
)
LaTeX Font Info:    Trying to load font information for T1+zplTOsF on input lin
e 818.

(/usr/share/texmf-dist/tex/latex/newpx/t1zpltosf.fd
File: t1zpltosf.fd 2021/05/25 v1.0 font definition file for T1/zpl/tosf
))
(/usr/share/texmf-dist/tex/latex/newpx/newpxmath.sty
Package: newpxmath 2025/10/30 v1.551 LaTeX math support for newpx (Michael Shar
pe)

`newpxmath' v1.551, 2025/10/30 Math macros based on pxfonts (msharpe)
(/usr/share/texmf-dist/tex/latex/amsmath/amsmath.sty
Package: amsmath 2025/07/09 v2.17z AMS math features
\@mathmargin=\skip192

For additional information on amsmath, use the `?' option.
(/usr/share/texmf-dist/tex/latex/amsmath/amstext.sty
Package: amstext 2024/11/17 v2.01 AMS text

(/usr/share/texmf-dist/tex/latex/amsmath/amsgen.sty
File: amsgen.sty 1999/11/30 v2.0 generic functions
\@emptytoks=\toks30
\ex@=\dimen264
))
(/usr/share/texmf-dist/tex/latex/amsmath/amsbsy.sty
Package: amsbsy 1999/11/29 v1.2d Bold Symbols
\pmbraise@=\dimen265
)
(/usr/share/texmf-dist/tex/latex/amsmath/amsopn.sty
Package: amsopn 2022/04/08 v2.04 operator names
)
\inf@bad=\count341
LaTeX Info: Redefining \frac on input line 233.
\uproot@=\count342
\leftroot@=\count343
LaTeX Info: Redefining \overline on input line 398.
LaTeX Info: Redefining \colon on input line 409.
\classnum@=\count344
\DOTSCASE@=\count345
LaTeX Info: Redefining \ldots on input line 495.
LaTeX Info: Redefining \dots on input line 498.
LaTeX Info: Redefining \cdots on input line 619.
\Mathstrutbox@=\box59
\strutbox@=\box60
LaTeX Info: Redefining \big on input line 721.
LaTeX Info: Redefining \Big on input line 722.
LaTeX Info: Redefining \bigg on input line 723.
LaTeX Info: Redefining \Bigg on input line 724.
\big@size=\dimen266
LaTeX Font Info:    Redeclaring font encoding OML on input line 742.
LaTeX Font Info:    Redeclaring font encoding OMS on input line 743.
\macc@depth=\count346
LaTeX Info: Redefining \bmod on input line 904.
LaTeX Info: Redefining \pmod on input line 909.
LaTeX Info: Redefining \smash on input line 939.
LaTeX Info: Redefining \relbar on input line 969.
LaTeX Info: Redefining \Relbar on input line 970.
\c@MaxMatrixCols=\count347
\dotsspace@=\muskip17
\c@parentequation=\count348
\dspbrk@lvl=\count349
\tag@help=\toks31
\row@=\count350
\column@=\count351
\maxfields@=\count352
\andhelp@=\toks32
\eqnshift@=\dimen267
\alignsep@=\dimen268
\tagshift@=\dimen269
\tagwidth@=\dimen270
\totwidth@=\dimen271
\lineht@=\dimen272
\@envbody=\toks33
\multlinegap=\skip193
\multlinetaggap=\skip194
\mathdisplay@stack=\toks34
LaTeX Info: Redefining \[ on input line 2950.
LaTeX Info: Redefining \] on input line 2951.
)
(/usr/share/texmf-dist/tex/generic/kastrup/binhex.tex)
(/usr/share/texmf-dist/tex/latex/oberdiek/centernot.sty
Package: centernot 2016/05/16 v1.4 Centers the not symbol horizontally (HO)
)
\px@tA=\toks35
\px@tB=\toks36
\px@su=\read3
\px@Isdigit=\count353

amsthm NOT loaded
LaTeX Font Info:    Redeclaring symbol font `operators' on input line 224.
LaTeX Font Info:    Overwriting symbol font `operators' in version `normal'
(Font)                  OT1/cmr/m/n --> OT1/minzpl/m/n on input line 224.
LaTeX Font Info:    Overwriting symbol font `operators' in version `bold'
(Font)                  OT1/cmr/bx/n --> OT1/minzpl/m/n on input line 224.
LaTeX Font Info:    Overwriting symbol font `operators' in version `bold'
(Font)                  OT1/minzpl/m/n --> OT1/minzpl/b/n on input line 225.
LaTeX Font Info:    Redeclaring math alphabet \mathsf on input line 228.
LaTeX Font Info:    Overwriting math alphabet `\mathsf' in version `normal'
(Font)                  OT1/cmss/m/n --> T1/qhv/m/n on input line 228.
LaTeX Font Info:    Overwriting math alphabet `\mathsf' in version `bold'
(Font)                  OT1/cmss/bx/n --> T1/qhv/m/n on input line 228.
LaTeX Font Info:    Redeclaring math alphabet \mathit on input line 229.
LaTeX Font Info:    Overwriting math alphabet `\mathit' in version `normal'
(Font)                  OT1/cmr/m/it --> OT1/minzpl/m/it on input line 229.
LaTeX Font Info:    Overwriting math alphabet `\mathit' in version `bold'
(Font)                  OT1/cmr/bx/it --> OT1/minzpl/m/it on input line 229.
LaTeX Font Info:    Redeclaring math alphabet \mathtt on input line 230.
LaTeX Font Info:    Overwriting math alphabet `\mathtt' in version `normal'
(Font)                  OT1/cmtt/m/n --> T1/npxtt/m/n on input line 230.
LaTeX Font Info:    Overwriting math alphabet `\mathtt' in version `bold'
(Font)                  OT1/cmtt/m/n --> T1/npxtt/m/n on input line 230.
LaTeX Font Info:    Redeclaring math alphabet \mathbf on input line 232.
LaTeX Font Info:    Overwriting math alphabet `\mathbf' in version `normal'
(Font)                  OT1/cmr/bx/n --> OT1/minzpl/b/n on input line 232.
LaTeX Font Info:    Overwriting math alphabet `\mathbf' in version `bold'
(Font)                  OT1/cmr/bx/n --> OT1/minzpl/b/n on input line 232.
LaTeX Font Info:    Overwriting math alphabet `\mathit' in version `bold'
(Font)                  OT1/minzpl/m/it --> OT1/minzpl/b/it on input line 233.
LaTeX Font Info:    Overwriting math alphabet `\mathsf' in version `bold'
(Font)                  T1/qhv/m/n --> T1/qhv/b/n on input line 235.
LaTeX Font Info:    Overwriting math alphabet `\mathtt' in version `bold'
(Font)                  T1/npxtt/m/n --> T1/npxtt/b/n on input line 236.
LaTeX Font Info:    Redeclaring symbol font `letters' on input line 247.
LaTeX Font Info:    Overwriting symbol font `letters' in version `normal'
(Font)                  OML/cmm/m/it --> OML/npxmi/m/it on input line 247.
LaTeX Font Info:    Overwriting symbol font `letters' in version `bold'
(Font)                  OML/cmm/b/it --> OML/npxmi/m/it on input line 247.
LaTeX Font Info:    Overwriting symbol font `letters' in version `bold'
(Font)                  OML/npxmi/m/it --> OML/npxmi/b/it on input line 248.
\symlettersA=\mathgroup4
LaTeX Font Info:    Overwriting symbol font `lettersA' in version `bold'
(Font)                  U/npxmia/m/it --> U/npxmia/b/it on input line 266.
Now handling font encoding LMS ...
... no UTF-8 mapping file for font encoding LMS
LaTeX Font Info:    Redeclaring symbol font `symbols' on input line 276.
LaTeX Font Info:    Encoding `OMS' has changed to `LMS' for symbol font
(Font)              `symbols' in the math version `normal' on input line 276.
LaTeX Font Info:    Overwriting symbol font `symbols' in version `normal'
(Font)                  OMS/cmsy/m/n --> LMS/npxsy/m/n on input line 276.
LaTeX Font Info:    Encoding `OMS' has changed to `LMS' for symbol font
(Font)              `symbols' in the math version `bold' on input line 276.
LaTeX Font Info:    Overwriting symbol font `symbols' in version `bold'
(Font)                  OMS/cmsy/b/n --> LMS/npxsy/m/n on input line 276.
LaTeX Font Info:    Overwriting symbol font `symbols' in version `bold'
(Font)                  LMS/npxsy/m/n --> LMS/npxsy/b/n on input line 277.
\symAMSm=\mathgroup5
LaTeX Font Info:    Overwriting symbol font `AMSm' in version `bold'
(Font)                  U/npxsym/m/n --> U/npxsym/b/n on input line 297.
\symsymbolsC=\mathgroup6
LaTeX Font Info:    Overwriting symbol font `symbolsC' in version `bold'
(Font)                  U/npxsyc/m/n --> U/npxsyc/b/n on input line 319.
Now handling font encoding LMX ...
... no UTF-8 mapping file for font encoding LMX
LaTeX Font Info:    Redeclaring symbol font `largesymbols' on input line 339.
LaTeX Font Info:    Encoding `OMX' has changed to `LMX' for symbol font
(Font)              `largesymbols' in the math version `normal' on input line 3
39.
LaTeX Font Info:    Overwriting symbol font `largesymbols' in version `normal'
(Font)                  OMX/cmex/m/n --> LMX/npxexx/m/n on input line 339.
LaTeX Font Info:    Encoding `OMX' has changed to `LMX' for symbol font
(Font)              `largesymbols' in the math version `bold' on input line 339
.
LaTeX Font Info:    Overwriting symbol font `largesymbols' in version `bold'
(Font)                  OMX/cmex/m/n --> LMX/npxexx/m/n on input line 339.
LaTeX Font Info:    Overwriting symbol font `largesymbols' in version `bold'
(Font)                  LMX/npxexx/m/n --> LMX/npxexx/b/n on input line 340.
\symlargesymbolsPXA=\mathgroup7
LaTeX Font Info:    Overwriting symbol font `largesymbolsPXA' in version `bold'

(Font)                  U/npxexa/m/n --> U/npxexa/b/n on input line 347.
\px@cntz=\count354
\px@IsAlNum=\count355
\px@sbptoks=\toks37
LaTeX Font Info:    Redeclaring math delimiter \lfloor on input line 502.
LaTeX Font Info:    Redeclaring math delimiter \rfloor on input line 503.
LaTeX Font Info:    Redeclaring math delimiter \lceil on input line 504.
LaTeX Font Info:    Redeclaring math delimiter \rceil on input line 505.
LaTeX Font Info:    Redeclaring math delimiter \lbrace on input line 510.
LaTeX Font Info:    Redeclaring math delimiter \rbrace on input line 511.
LaTeX Font Info:    Redeclaring math delimiter \langle on input line 513.
LaTeX Font Info:    Redeclaring math delimiter \rangle on input line 515.
LaTeX Font Info:    Redeclaring math delimiter \arrowvert on input line 519.
LaTeX Font Info:    Redeclaring math delimiter \vert on input line 520.
LaTeX Font Info:    Redeclaring math symbol \parallel on input line 521.
LaTeX Font Info:    Redeclaring math delimiter \Arrowvert on input line 522.
LaTeX Font Info:    Redeclaring math symbol \hbar on input line 548.
LaTeX Font Info:    Redeclaring math accent \grave on input line 562.
LaTeX Font Info:    Redeclaring math accent \acute on input line 563.
LaTeX Font Info:    Redeclaring math accent \hat on input line 564.
LaTeX Font Info:    Redeclaring math accent \tilde on input line 565.
LaTeX Font Info:    Redeclaring math accent \bar on input line 566.
LaTeX Font Info:    Redeclaring math accent \breve on input line 567.
LaTeX Font Info:    Redeclaring math accent \mathring on input line 568.
LaTeX Font Info:    Redeclaring math accent \check on input line 569.
LaTeX Font Info:    Redeclaring math accent \dot on input line 573.
LaTeX Font Info:    Redeclaring math accent \ddot on input line 574.
LaTeX Font Info:    Redeclaring math accent \vec on input line 1631.
LaTeX Info: Redefining \Bbbk on input line 2208.
LaTeX Info: Redefining \not on input line 2548.
) (/usr/share/texmf-dist/tex/latex/bera/beramono.sty
Package: beramono 2004/01/31 (WaS)
)
(/usr/share/texmf-dist/tex/latex/opensans/opensans.sty
Package: opensans 2019/06/20 Style file for Open Sans.

(/usr/share/texmf-dist/tex/generic/iftex/ifluatex.sty
Package: ifluatex 2019/10/25 v1.5 ifluatex legacy package. Use iftex instead.
)
(/usr/share/texmf-dist/tex/generic/iftex/ifxetex.sty
Package: ifxetex 2019/10/25 v0.7 ifxetex legacy package. Use iftex instead.
))
(/usr/share/texmf-dist/tex/latex/graphics/graphicx.sty
Package: graphicx 2024/12/31 v1.2e Enhanced LaTeX Graphics (DPC,SPQR)

(/usr/share/texmf-dist/tex/latex/graphics/graphics.sty
Package: graphics 2024/08/06 v1.4g Standard LaTeX Graphics (DPC,SPQR)

(/usr/share/texmf-dist/tex/latex/graphics/trig.sty
Package: trig 2023/12/02 v1.11 sin cos tan (DPC)
)
(/usr/share/texmf-dist/tex/latex/graphics-cfg/graphics.cfg
File: graphics.cfg 2016/06/04 v1.11 sample graphics configuration
)
Package graphics Info: Driver file: pdftex.def on input line 106.
)
\Gin@req@height=\dimen273
\Gin@req@width=\dimen274
)
(/usr/share/texmf-dist/tex/latex/graphics/rotating.sty
Package: rotating 2025/01/14 v2.16e rotated objects in LaTeX
\c@r@tfl@t=\count356
\rotFPtop=\skip195
\rotFPbot=\skip196
\rot@float@box=\box61
\rot@mess@toks=\toks38
)
(/usr/share/texmf-dist/tex/latex/adjustbox/adjustbox.sty
Package: adjustbox 2025/02/26 v1.3c Adjusting TeX boxes (trim, clip, ...)

(/usr/share/texmf-dist/tex/latex/adjustbox/adjcalc.sty
Package: adjcalc 2012/05/16 v1.1 Provides advanced setlength with multiple back
-ends (calc, etex, pgfmath)
)
(/usr/share/texmf-dist/tex/latex/adjustbox/trimclip.sty
Package: trimclip 2025/02/21 v1.2a Trim and clip general TeX material

(/usr/share/texmf-dist/tex/latex/collectbox/collectbox.sty
Package: collectbox 2022/10/17 v0.4c Collect macro arguments as boxes
\collectedbox=\box62
)
\tc@llx=\dimen275
\tc@lly=\dimen276
\tc@urx=\dimen277
\tc@ury=\dimen278
Package trimclip Info: Using driver 'tc-pdftex.def'.

(/usr/share/texmf-dist/tex/latex/adjustbox/tc-pdftex.def
File: tc-pdftex.def 2025/02/26 v2.3 Clipping driver for pdftex
))
\adjbox@Width=\dimen279
\adjbox@Height=\dimen280
\adjbox@Depth=\dimen281
\adjbox@Totalheight=\dimen282
\adjbox@pwidth=\dimen283
\adjbox@pheight=\dimen284
\adjbox@pdepth=\dimen285
\adjbox@ptotalheight=\dimen286

(/usr/share/texmf-dist/tex/latex/ifoddpage/ifoddpage.sty
Package: ifoddpage 2022/10/18 v1.2 Conditionals for odd/even page detection
\c@checkoddpage=\count357
LaTeX Info: Redefining \checkoddpage on input line 45.
)
(/usr/share/texmf-dist/tex/latex/varwidth/varwidth.sty
Package: varwidth 2009/03/30 ver 0.92;  Variable-width minipages
\@vwid@box=\box63
\sift@deathcycles=\count358
\@vwid@loff=\dimen287
\@vwid@roff=\dimen288
)
==> First Aid for varwidth.sty applied!
) (/usr/share/texmf-dist/tex/latex/amsfonts/amsfonts.sty
Package: amsfonts 2013/01/14 v3.01 Basic AMSFonts support
\symAMSa=\mathgroup8
\symAMSb=\mathgroup9
LaTeX Font Info:    Redeclaring math delimiter \ulcorner on input line 74.
LaTeX Font Info:    Redeclaring math delimiter \urcorner on input line 75.
LaTeX Font Info:    Redeclaring math delimiter \llcorner on input line 76.
LaTeX Font Info:    Redeclaring math delimiter \lrcorner on input line 77.
LaTeX Font Info:    Redeclaring math symbol \square on input line 141.
LaTeX Font Info:    Redeclaring math symbol \lozenge on input line 142.
)
(/usr/share/texmf-dist/tex/latex/algorithms/algorithm.sty
Package: algorithm 2009/08/24 v0.1 Document Style `algorithm' - floating enviro
nment

(/usr/share/texmf-dist/tex/latex/float/float.sty
Package: float 2001/11/08 v1.3d Float enhancements (AL)
\c@float@type=\count359
\float@exts=\toks39
\float@box=\box64
\@float@everytoks=\toks40
\@floatcapt=\box65
)
\@float@every@algorithm=\toks41
\c@algorithm=\count360
)
(/usr/share/texmf-dist/tex/latex/algorithmicx/algpseudocode.sty
Package: algpseudocode 

(/usr/share/texmf-dist/tex/latex/algorithmicx/algorithmicx.sty
Package: algorithmicx 2005/04/27 v1.2 Algorithmicx

Document Style algorithmicx 1.2 - a greatly improved `algorithmic' style
\c@ALG@line=\count361
\c@ALG@rem=\count362
\c@ALG@nested=\count363
\ALG@tlm=\skip197
\ALG@thistlm=\skip198
\c@ALG@Lnr=\count364
\c@ALG@blocknr=\count365
\c@ALG@storecount=\count366
\c@ALG@tmpcounter=\count367
\ALG@tmplength=\skip199
)
Document Style - pseudocode environments for use with the `algorithmicx' style
) (/usr/share/texmf-dist/tex/latex/nomencl/nomencl.sty
Package: nomencl 2021/11/10 v5.6 Nomenclature package

(/usr/share/texmf-dist/tex/latex/koma-script/tocbasic.sty
Package: tocbasic 2026/02/02 v3.49.2 KOMA-Script package (handling toc-files)

(/usr/share/texmf-dist/tex/latex/koma-script/scrbase.sty
Package: scrbase 2026/02/02 v3.49.2 KOMA-Script package (KOMA-Script-independen
t basics and keyval usage)

(/usr/share/texmf-dist/tex/latex/koma-script/scrlfile.sty
Package: scrlfile 2026/02/02 v3.49.2 KOMA-Script package (file load hooks)

(/usr/share/texmf-dist/tex/latex/koma-script/scrlfile-hook.sty
Package: scrlfile-hook 2026/02/02 v3.49.2 KOMA-Script package (using LaTeX hook
s)

(/usr/share/texmf-dist/tex/latex/koma-script/scrlogo.sty
Package: scrlogo 2026/02/02 v3.49.2 KOMA-Script package (logo)
)))
Applying: [2021/05/01] Usage of raw or classic option list on input line 254.
Already applied: [0000/00/00] Usage of raw or classic option list on input line
 370.
)
\scr@dte@tocline@numberwidth=\skip256
\scr@dte@tocline@numbox=\box66
)
Package tocbasic Info: omitting babel extension for `nlo'
(tocbasic)             because of missing \bbl@set@language on input line 187.
Package tocbasic Info: omitting babel extension for `nls'
(tocbasic)             because of missing \bbl@set@language on input line 188.
\nomlabelwidth=\dimen289
\nom@tempdim=\dimen290
\nomitemsep=\skip257
)
\@nomenclaturefile=\write4
\openout4 = `main.nlo'.

Package nomencl Info: Writing nomenclature file main.nlo on input line 152.

(/usr/share/texmf-dist/tex/latex/hyperref/hyperref.sty
Package: hyperref 2026-01-29 v7.01p Hypertext links for LaTeX

(/usr/share/texmf-dist/tex/generic/kvdefinekeys/kvdefinekeys.sty
Package: kvdefinekeys 2019-12-19 v1.6 Define keys (HO)
)
(/usr/share/texmf-dist/tex/generic/pdfescape/pdfescape.sty
Package: pdfescape 2019/12/09 v1.15 Implements pdfTeX's escape features (HO)

(/usr/share/texmf-dist/tex/generic/pdftexcmds/pdftexcmds.sty
Package: pdftexcmds 2020-06-27 v0.33 Utility functions of pdfTeX for LuaTeX (HO
)
Package pdftexcmds Info: \pdf@primitive is available.
Package pdftexcmds Info: \pdf@ifprimitive is available.
Package pdftexcmds Info: \pdfdraftmode found.
))
(/usr/share/texmf-dist/tex/latex/hycolor/hycolor.sty
Package: hycolor 2020-01-27 v1.10 Color options for hyperref/bookmark (HO)
)
(/usr/share/texmf-dist/tex/generic/stringenc/stringenc.sty
Package: stringenc 2019/11/29 v1.12 Convert strings between diff. encodings (HO
)
)
\@linkdim=\dimen291
\Hy@linkcounter=\count368
\Hy@pagecounter=\count369

(/usr/share/texmf-dist/tex/latex/hyperref/pd1enc.def
File: pd1enc.def 2026-01-29 v7.01p Hyperref: PDFDocEncoding definition (HO)
Now handling font encoding PD1 ...
... no UTF-8 mapping file for font encoding PD1
)
(/usr/share/texmf-dist/tex/generic/intcalc/intcalc.sty
Package: intcalc 2019/12/15 v1.3 Expandable calculations with integers (HO)
)
\Hy@SavedSpaceFactor=\count370

(/usr/share/texmf-dist/tex/latex/hyperref/puenc.def
File: puenc.def 2026-01-29 v7.01p Hyperref: PDF Unicode definition (HO)
Now handling font encoding PU ...
... no UTF-8 mapping file for font encoding PU
)
Package hyperref Info: Option `colorlinks' set `true' on input line 4072.
Package hyperref Info: Option `bookmarks' set `true' on input line 4072.
Package hyperref Info: Option `bookmarksnumbered' set `true' on input line 4072
.
Package hyperref Info: Option `breaklinks' set `true' on input line 4072.
Package hyperref Info: Hyper figures OFF on input line 4201.
Package hyperref Info: Link nesting OFF on input line 4206.
Package hyperref Info: Hyper index ON on input line 4209.
Package hyperref Info: Plain pages OFF on input line 4216.
Package hyperref Info: Backreferencing OFF on input line 4221.
Package hyperref Info: Implicit mode ON; LaTeX internals redefined.
Package hyperref Info: Bookmarks ON on input line 4468.
\c@Hy@tempcnt=\count371

(/usr/share/texmf-dist/tex/latex/url/url.sty
\Urlmuskip=\muskip18
Package: url 2013/09/16  ver 3.4  Verb mode for urls, etc.
)
LaTeX Info: Redefining \url on input line 4807.
\XeTeXLinkMargin=\dimen292

(/usr/share/texmf-dist/tex/generic/bitset/bitset.sty
Package: bitset 2019/12/09 v1.3 Handle bit-vector datatype (HO)

(/usr/share/texmf-dist/tex/generic/bigintcalc/bigintcalc.sty
Package: bigintcalc 2019/12/15 v1.5 Expandable calculations on big integers (HO
)
))
\Fld@menulength=\count372
\Field@Width=\dimen293
\Fld@charsize=\dimen294
Package hyperref Info: Hyper figures OFF on input line 6084.
Package hyperref Info: Link nesting OFF on input line 6089.
Package hyperref Info: Hyper index ON on input line 6092.
Package hyperref Info: backreferencing OFF on input line 6099.
Package hyperref Info: Link coloring OFF on input line 6104.
Package hyperref Info: Link coloring with OCG OFF on input line 6109.
Package hyperref Info: PDF/A mode OFF on input line 6114.
\Hy@abspage=\count373
\c@Item=\count374
\c@Hfootnote=\count375
)
Package hyperref Info: Driver (autodetected): hpdftex.

(/usr/share/texmf-dist/tex/latex/hyperref/hpdftex.def
File: hpdftex.def 2026-01-29 v7.01p Hyperref driver for pdfTeX
\Fld@listcount=\count376
\c@bookmark@seq@number=\count377

(/usr/share/texmf-dist/tex/latex/rerunfilecheck/rerunfilecheck.sty
Package: rerunfilecheck 2025-06-21 v1.11 Rerun checks for auxiliary files (HO)

(/usr/share/texmf-dist/tex/generic/uniquecounter/uniquecounter.sty
Package: uniquecounter 2019/12/15 v1.4 Provide unlimited unique counter (HO)
)
Package uniquecounter Info: New unique counter `rerunfilecheck' on input line 2
84.
)
\Hy@SectionHShift=\skip258
)
(/usr/share/texmf-dist/tex/latex/marginnote/marginnote.sty
Package: marginnote 2026/01/02 1.4d non floating margin notes for LaTeX 
\c@mn@abspage=\count378
)
(/usr/share/texmf-dist/tex/latex/cleveref/cleveref.sty
Package: cleveref 2018/03/27 v0.21.4 Intelligent cross-referencing
Package cleveref Info: `hyperref' support loaded on input line 2370.
LaTeX Info: Redefining \cref on input line 2370.
LaTeX Info: Redefining \Cref on input line 2370.
LaTeX Info: Redefining \crefrange on input line 2370.
LaTeX Info: Redefining \Crefrange on input line 2370.
LaTeX Info: Redefining \cpageref on input line 2370.
LaTeX Info: Redefining \Cpageref on input line 2370.
LaTeX Info: Redefining \cpagerefrange on input line 2370.
LaTeX Info: Redefining \Cpagerefrange on input line 2370.
LaTeX Info: Redefining \labelcref on input line 2370.
LaTeX Info: Redefining \labelcpageref on input line 2370.
Package cleveref Info: `algorithmicx' support loaded on input line 3120.
Package cleveref Info: always capitalise cross-reference names on input line 78
25.
Package cleveref Info: always capitalise cross-reference names on input line 78
52.
)
==> First Aid for cleveref.sty applied!
\titlebottomadjust=\skip259

******************************************************
Stock height and width: 794.96999pt by 614.295pt
Top and edge trims: 0pt and 0pt
Page height and width: 794.96999pt by 614.295pt
Text height and width: 650.20029pt by 343pt
Spine and edge margins: 72.26999pt and 198.7425pt
Upper and lower margins: 72.26999pt and 72.49971pt
Headheight and headsep: 13.6pt and 19.8738pt
Footskip: 27.46295pt
Columnsep and columnseprule: 10pt and 0pt
Marginparsep and marginparwidth: 7pt and 184.7425pt
Sidecapsep and sidecapwidth: 7pt and 57pt
Sidebarhsep and sidebarwidth: 7pt and 57pt
Sidebarvsep and sidebartopsep: 13.6pt and 0pt
Sidebarheight: 539.9202pt
Sidefoothsep and sidefootwidth: 7pt and 57pt
Sidefootvsep and sidefootheight: 13.6pt and 539.9202pt
******************************************************

(/usr/share/texmf-dist/tex/latex/marginfix/marginfix.sty
Package: marginfix 2020/05/06 v1.2 Fix Margin Paragraphs
\Mfx@inject@insert=\insert247
\Mfx@marginbox=\box67
\Mfx@marginpos@min=\dimen295
\Mfx@marginpos@max=\dimen296
\Mfx@marginspace=\dimen297
\Mfx@marginheight=\dimen298
\Mfx@piece@content=\box68
\Mfx@piece@count=\count379
\Mfx@mparshift=\dimen299
\marginheightadjustment=\dimen300
\marginposadjustment=\dimen301
\Mfx@strutheight=\dimen302
)
==> First Aid for marginfix.sty applied!
\c@rnote=\count380
(/usr/share/texmf-dist/tex/latex/biblatex/biblatex.sty
Package: biblatex 2025/07/10 v3.21 programmable bibliographies (PK/MW)

(/usr/share/texmf-dist/tex/latex/logreq/logreq.sty
Package: logreq 2010/08/04 v1.0 xml request logger
\lrq@indent=\count381

(/usr/share/texmf-dist/tex/latex/logreq/logreq.def
File: logreq.def 2010/08/04 v1.0 logreq spec v1.0
))
\c@tabx@nest=\count382
\c@listtotal=\count383
\c@listcount=\count384
\c@liststart=\count385
\c@liststop=\count386
\c@citecount=\count387
\c@citetotal=\count388
\c@multicitecount=\count389
\c@multicitetotal=\count390
\c@instcount=\count391
\c@maxnames=\count392
\c@minnames=\count393
\c@maxitems=\count394
\c@minitems=\count395
\c@citecounter=\count396
\c@maxcitecounter=\count397
\c@savedcitecounter=\count398
\c@uniquelist=\count399
\c@uniquename=\count400
\c@refsection=\count401
\c@refsegment=\count402
\c@maxextratitle=\count403
\c@maxextratitleyear=\count404
\c@maxextraname=\count405
\c@maxextradate=\count406
\c@maxextraalpha=\count407
\c@abbrvpenalty=\count408
\c@highnamepenalty=\count409
\c@lownamepenalty=\count410
\c@maxparens=\count411
\c@parenlevel=\count412
\blx@tempcnta=\count413
\blx@tempcntb=\count414
\blx@tempcntc=\count415
\c@blx@maxsection=\count416
\blx@maxsegment@0=\count417
\blx@notetype=\count418
\blx@parenlevel@text=\count419
\blx@parenlevel@foot=\count420
\blx@sectionciteorder@0=\count421
\blx@sectionciteorderinternal@0=\count422
\blx@entrysetcounter=\count423
\blx@biblioinstance=\count424
\labelnumberwidth=\skip260
\labelalphawidth=\skip261
\biblabelsep=\skip262
\bibnamesep=\skip263
\bibinitsep=\skip264
\bibparsep=\skip265
\bibhang=\skip266
\blx@bcfin=\read4
\blx@bcfout=\write5
\blx@langwohyphens=\language3
\c@mincomprange=\count425
\c@maxcomprange=\count426
\c@mincompwidth=\count427
Package biblatex Info: Trying to load biblatex default data model...
Package biblatex Info: ... file 'blx-dm.def' found.

(/usr/share/texmf-dist/tex/latex/biblatex/blx-dm.def
File: blx-dm.def 2025/07/10 v3.21 biblatex datamodel (PK/MW)
)
Package biblatex Info: Trying to load biblatex citestyle data model...
Package biblatex Info: ... file 'byubib.dbx' not found.
Package biblatex Info: Trying to load biblatex custom data model...
Package biblatex Info: ... file 'biblatex-dm.cfg' not found.
\c@afterword=\count428
\c@savedafterword=\count429
\c@annotator=\count430
\c@savedannotator=\count431
\c@author=\count432
\c@savedauthor=\count433
\c@bookauthor=\count434
\c@savedbookauthor=\count435
\c@commentator=\count436
\c@savedcommentator=\count437
\c@editor=\count438
\c@savededitor=\count439
\c@editora=\count440
\c@savededitora=\count441
\c@editorb=\count442
\c@savededitorb=\count443
\c@editorc=\count444
\c@savededitorc=\count445
\c@foreword=\count446
\c@savedforeword=\count447
\c@holder=\count448
\c@savedholder=\count449
\c@introduction=\count450
\c@savedintroduction=\count451
\c@namea=\count452
\c@savednamea=\count453
\c@nameb=\count454
\c@savednameb=\count455
\c@namec=\count456
\c@savednamec=\count457
\c@translator=\count458
\c@savedtranslator=\count459
\c@shortauthor=\count460
\c@savedshortauthor=\count461
\c@shorteditor=\count462
\c@savedshorteditor=\count463
\c@labelname=\count464
\c@savedlabelname=\count465
\c@institution=\count466
\c@savedinstitution=\count467
\c@lista=\count468
\c@savedlista=\count469
\c@listb=\count470
\c@savedlistb=\count471
\c@listc=\count472
\c@savedlistc=\count473
\c@listd=\count474
\c@savedlistd=\count475
\c@liste=\count476
\c@savedliste=\count477
\c@listf=\count478
\c@savedlistf=\count479
\c@location=\count480
\c@savedlocation=\count481
\c@organization=\count482
\c@savedorganization=\count483
\c@origlocation=\count484
\c@savedoriglocation=\count485
\c@origpublisher=\count486
\c@savedorigpublisher=\count487
\c@publisher=\count488
\c@savedpublisher=\count489
\c@language=\count490
\c@savedlanguage=\count491
\c@origlanguage=\count492
\c@savedoriglanguage=\count493
\c@pageref=\count494
\c@savedpageref=\count495
\shorthandwidth=\skip267
\shortjournalwidth=\skip268
\shortserieswidth=\skip269
\shorttitlewidth=\skip270
\shortauthorwidth=\skip271
\shorteditorwidth=\skip272
\locallabelnumberwidth=\skip273
\locallabelalphawidth=\skip274
\localshorthandwidth=\skip275
\localshortjournalwidth=\skip276
\localshortserieswidth=\skip277
\localshorttitlewidth=\skip278
\localshortauthorwidth=\skip279
\localshorteditorwidth=\skip280
Package biblatex Info: Trying to load compatibility code...
Package biblatex Info: ... file 'blx-compat.def' found.

(/usr/share/texmf-dist/tex/latex/biblatex/blx-compat.def
File: blx-compat.def 2025/07/10 v3.21 biblatex compatibility (PK/MW)
)
Package biblatex Info: Trying to load generic definitions...
Package biblatex Info: ... file 'biblatex.def' found.

(/usr/share/texmf-dist/tex/latex/biblatex/biblatex.def
File: biblatex.def 2025/07/10 v3.21 biblatex compatibility (PK/MW)
\c@textcitecount=\count496
\c@textcitetotal=\count497
\c@textcitemaxnames=\count498
\c@biburlbigbreakpenalty=\count499
\c@biburlbreakpenalty=\count500
\c@biburlnumpenalty=\count501
\c@biburlucpenalty=\count502
\c@biburllcpenalty=\count503
\biburlbigskip=\muskip19
\biburlnumskip=\muskip20
\biburlucskip=\muskip21
\biburllcskip=\muskip22
\c@smartand=\count504
)
Package biblatex Info: Trying to load bibliography style 'byubib'...
Package biblatex Info: ... file 'byubib.bbx' found.
 (./byubib.bbx
File: aiaa.bbx 2016/04/13 v1.0 biblatex bibliography style
Package biblatex Info: Trying to load bibliography style 'numeric-comp'...
Package biblatex Info: ... file 'numeric-comp.bbx' found.

(/usr/share/texmf-dist/tex/latex/biblatex/bbx/numeric-comp.bbx
File: numeric-comp.bbx 2025/07/10 v3.21 biblatex bibliography style (PK/MW)
Package biblatex Info: Trying to load bibliography style 'numeric'...
Package biblatex Info: ... file 'numeric.bbx' found.

(/usr/share/texmf-dist/tex/latex/biblatex/bbx/numeric.bbx
File: numeric.bbx 2025/07/10 v3.21 biblatex bibliography style (PK/MW)
Package biblatex Info: Trying to load bibliography style 'standard'...
Package biblatex Info: ... file 'standard.bbx' found.

(/usr/share/texmf-dist/tex/latex/biblatex/bbx/standard.bbx
File: standard.bbx 2025/07/10 v3.21 biblatex bibliography style (PK/MW)
\c@bbx:relatedcount=\count505
\c@bbx:relatedtotal=\count506
))))
Package biblatex Info: Trying to load citation style 'byubib'...
Package biblatex Info: ... file 'byubib.cbx' found.
 (./byubib.cbx
File: byubib.cbx 2016/04/13 v1.0 biblatex citation style
Package biblatex Info: Trying to load citation style 'numeric-comp'...
Package biblatex Info: ... file 'numeric-comp.cbx' found.

(/usr/share/texmf-dist/tex/latex/biblatex/cbx/numeric-comp.cbx
File: numeric-comp.cbx 2025/07/10 v3.21 biblatex citation style (PK/MW)
\c@cbx@tempcnta=\count507
\c@cbx@tempcntb=\count508
\c@cbx@tempcntc=\count509
\c@cbx@tempcntd=\count510
Package biblatex Info: Redefining '\cite'.
Package biblatex Info: Redefining '\parencite'.
Package biblatex Info: Redefining '\footcite'.
Package biblatex Info: Redefining '\footcitetext'.
Package biblatex Info: Redefining '\smartcite'.
Package biblatex Info: Redefining '\supercite'.
Package biblatex Info: Redefining '\textcite'.
Package biblatex Info: Redefining '\textcites'.
Package biblatex Info: Redefining '\cites'.
Package biblatex Info: Redefining '\parencites'.
Package biblatex Info: Redefining '\smartcites'.
))
Package biblatex Info: Trying to load configuration file...
Package biblatex Info: ... file 'biblatex.cfg' found.

(/usr/share/texmf-dist/tex/latex/biblatex/biblatex.cfg
File: biblatex.cfg 
)
Package biblatex Info: Input encoding 'utf8' detected.
Package biblatex Info: Document encoding is UTF8 ....
Package biblatex Info: ... and expl3
(biblatex)             2026-01-19 L3 programming layer (loader) 
(biblatex)             is new enough (at least 2020/04/06),
(biblatex)             setting 'casechanger=expl3'.

(/usr/share/texmf-dist/tex/latex/biblatex/blx-case-expl3.sty
Package: blx-case-expl3 2025/07/10 v3.21 expl3 case changing code for biblatex
)))
(/usr/share/texmf-dist/tex/latex/blindtext/blindtext.sty
Package: blindtext 2012/01/06 V2.0 blindtext-Package

(/usr/share/texmf-dist/tex/latex/tools/xspace.sty
Package: xspace 2014/10/28 v1.13 Space after command names (DPC,MH)
)
\c@blindtext=\count511
\c@Blindtext=\count512
\c@blind@countparstart=\count513
\blind@countxx=\count514
\blindtext@numBlindtext=\count515
\blind@countyy=\count516
\c@blindlist=\count517
\c@blindlistlevel=\count518
\c@blindlist@level=\count519
\blind@listitem=\count520
\c@blind@listcount=\count521
\c@blind@levelcount=\count522
\blind@mathformula=\count523
\blind@Mathformula=\count524
\c@blind@randomcount=\count525
\c@blind@randommax=\count526
\c@blind@pangramcount=\count527
\c@blind@pangrammax=\count528
) (./symbols.tex)
(/usr/share/texmf-dist/tex/latex/tools/longtable.sty
Package: longtable 2025-10-13 v4.24 Multi-page Table package (DPC)
\LTleft=\skip281
\LTright=\skip282
\LTpre=\skip283
\LTpost=\skip284
\LTchunksize=\count529
\LTcapwidth=\dimen303
\LT@head=\box69
\LT@firsthead=\box70
\LT@foot=\box71
\LT@lastfoot=\box72
\LT@gbox=\box73
\LT@cols=\count530
\LT@rows=\count531
\c@LT@tables=\count532
\c@LT@chunks=\count533
\LT@p@ftn=\toks42
)
(/usr/share/texmf-dist/tex/latex/csvsimple/csvsimple.sty
Package: csvsimple 2024/09/27 v2.7.0 LaTeX CSV file processing
)
(/usr/share/texmf-dist/tex/latex/csvsimple/csvsimple-legacy.sty
Package: csvsimple-legacy 2024/09/27 version 2.7.0 LaTeX2e CSV file processing

(/usr/share/texmf-dist/tex/latex/pgf/utilities/pgfrcs.sty
(/usr/share/texmf-dist/tex/generic/pgf/utilities/pgfutil-common.tex
\pgfutil@everybye=\toks43
\pgfutil@tempdima=\dimen304
\pgfutil@tempdimb=\dimen305
)
(/usr/share/texmf-dist/tex/generic/pgf/utilities/pgfutil-latex.def
\pgfutil@abb=\box74
)
(/usr/share/texmf-dist/tex/generic/pgf/utilities/pgfrcs.code.tex
(/usr/share/texmf-dist/tex/generic/pgf/pgf.revision.tex)
Package: pgfrcs 2025-08-29 v3.1.11a (3.1.11a)
))
(/usr/share/texmf-dist/tex/latex/pgf/utilities/pgfkeys.sty
(/usr/share/texmf-dist/tex/generic/pgf/utilities/pgfkeys.code.tex
\pgfkeys@pathtoks=\toks44
\pgfkeys@temptoks=\toks45

(/usr/share/texmf-dist/tex/generic/pgf/utilities/pgfkeyslibraryfiltered.code.te
x
\pgfkeys@tmptoks=\toks46
))) (/usr/share/texmf-dist/tex/latex/tools/shellesc.sty
Package: shellesc 2023/07/08 v1.0d unified shell escape interface for LaTeX
Package shellesc Info: Restricted shell escape enabled on input line 77.
)
\csv@file=\read5
\c@csvinputline=\count534
\c@csvrow=\count535
\c@csvcol=\count536
\csv@out=\write6
)
(/usr/share/texmf-dist/tex/latex/csquotes/csquotes.sty
Package: csquotes 2024-04-04 v5.2o context-sensitive quotations (JAW)
\csq@reset=\count537
\csq@gtype=\count538
\csq@glevel=\count539
\csq@qlevel=\count540
\csq@maxlvl=\count541
\csq@tshold=\count542
\csq@ltx@everypar=\toks47

(/usr/share/texmf-dist/tex/latex/csquotes/csquotes.def
File: csquotes.def 2024-04-04 v5.2o csquotes generic definitions (JAW)
)
Package csquotes Info: Trying to load configuration file 'csquotes.cfg'...
Package csquotes Info: ... configuration file loaded successfully.

(/usr/share/texmf-dist/tex/latex/csquotes/csquotes.cfg
File: csquotes.cfg 
))
(/usr/share/texmf-dist/tex/latex/caption/caption.sty
Package: caption 2023/08/05 v3.6o Customizing captions (AR)

(/usr/share/texmf-dist/tex/latex/caption/caption3.sty
Package: caption3 2023/07/31 v2.4d caption3 kernel (AR)
\caption@tempdima=\dimen306
\captionmargin=\dimen307
\caption@leftmargin=\dimen308
\caption@rightmargin=\dimen309
\caption@width=\dimen310
\caption@indent=\dimen311
\caption@parindent=\dimen312
\caption@hangindent=\dimen313
Package caption Info: memoir document class detected.

(/usr/share/texmf-dist/tex/latex/caption/caption-memoir.sto
File: caption-memoir.sto 2023/09/08 v2.2c Adaption of the caption package to th
e memoir document class (AR)
))
\c@caption@flags=\count543
\c@continuedfloat=\count544
Package caption Info: changepage package is loaded.
\caption@adjustwidth@hsize=\dimen314
\caption@adjustwidth@linewidth=\dimen315
Package caption Info: float package is loaded.
Package caption Info: hyperref package is loaded.
Package caption Info: longtable package is loaded.

(/usr/share/texmf-dist/tex/latex/caption/ltcaption.sty
Package: ltcaption 2021/01/08 v1.4c longtable captions (AR)
)
Package caption Info: rotating package is loaded.
)
(/usr/share/texmf-dist/tex/latex/caption/subcaption.sty
Package: subcaption 2023/07/28 v1.6b Sub-captions (AR)
Package caption Info: New subtype `subfigure' on input line 238.
\c@subfigure=\count545
Package caption Info: New subtype `subtable' on input line 238.
\c@subtable=\count546
)
Package hyperref Info: Option `colorlinks' set `true' on input line 35.

(/usr/share/texmf-dist/tex/latex/mathtools/mathtools.sty
Package: mathtools 2024/10/04 v1.31 mathematical typesetting tools

(/usr/share/texmf-dist/tex/latex/tools/calc.sty
Package: calc 2025/03/01 v4.3b Infix arithmetic (KKT,FJ)
\calc@Acount=\count547
\calc@Bcount=\count548
\calc@Adimen=\dimen316
\calc@Bdimen=\dimen317
\calc@Askip=\skip285
\calc@Bskip=\skip286
LaTeX Info: Redefining \setlength on input line 86.
LaTeX Info: Redefining \addtolength on input line 87.
\calc@Ccount=\count549
\calc@Cskip=\skip287
)
(/usr/share/texmf-dist/tex/latex/mathtools/mhsetup.sty
Package: mhsetup 2021/03/18 v1.4 programming setup (MH)
)
\g_MT_multlinerow_int=\count550
\l_MT_multwidth_dim=\dimen318
\origjot=\skip288
\l_MT_shortvdotswithinadjustabove_dim=\dimen319
\l_MT_shortvdotswithinadjustbelow_dim=\dimen320
\l_MT_above_intertext_sep=\dimen321
\l_MT_below_intertext_sep=\dimen322
\l_MT_above_shortintertext_sep=\dimen323
\l_MT_below_shortintertext_sep=\dimen324
\xmathstrut@box=\box75
\xmathstrut@dim=\dimen325
)
(/usr/share/texmf-dist/tex/latex/comment/comment.sty
\CommentStream=\write7

Excluding comment 'comment') (/usr/share/texmf-dist/tex/generic/babel/babel.sty
Package: babel 2026/02/14 v26.3 The multilingual framework for LuaLaTeX, pdfLaT
eX and XeLaTeX
\babel@savecnt=\count551
LaTeX Encoding Info:    Redeclaring text command \ij (encoding OT1) on input li
ne 2078.
LaTeX Encoding Info:    Redeclaring text command \IJ (encoding OT1) on input li
ne 2080.
LaTeX Encoding Info:    Redeclaring text command \ij (encoding T1) on input lin
e 2082.
LaTeX Encoding Info:    Redeclaring text command \IJ (encoding T1) on input lin
e 2083.
LaTeX Encoding Info:    Ignoring declaration for text command \ij (encoding ?) 
on input line 2084.
LaTeX Encoding Info:    Ignoring declaration for text command \IJ (encoding ?) 
on input line 2086.
LaTeX Encoding Info:    Ignoring declaration for text command \SS (encoding ?) 
on input line 2111.
\U@D=\dimen326
\l@unhyphenated=\language4
(/usr/share/texmf-dist/tex/generic/babel/txtbabel.def)
\bbl@readstream=\read6
\bbl@dirlevel=\count552

(/usr/share/texmf-dist/tex/generic/babel/locale/en/babel-english.tex)
Package babel Info: Importing font and identification data for english
(babel)             from babel-en.ini. Reported on input line 4330.

(/usr/share/texmf-dist/tex/generic/babel-english/english.ldf
Language: english 2017/06/06 v3.3r English support from the babel system
Package babel Info: Hyphen rules for 'british' set to \l@english
(babel)             (\language0). Reported on input line 82.
Package babel Info: Hyphen rules for 'UKenglish' set to \l@english
(babel)             (\language0). Reported on input line 83.
Package babel Info: Hyphen rules for 'canadian' set to \l@english
(babel)             (\language0). Reported on input line 102.
Package babel Info: Hyphen rules for 'australian' set to \l@english
(babel)             (\language0). Reported on input line 105.
Package babel Info: Hyphen rules for 'newzealand' set to \l@english
(babel)             (\language0). Reported on input line 108.
))
\c@theorem=\count553
 (./macros.tex)
LaTeX Font Info:    Font shape `T1/zpltlf/m/n' will be
(Font)              scaled to size 10.95pt on input line 93.
Package csquotes Info: Checking for multilingual support...
Package csquotes Info: ... found 'babel' package.
Package csquotes Info: Adjusting default style.
Package csquotes Info: Redefining alias 'default' -> 'english'.


LaTeX Warning: Unused global option(s):
    [masters].

(./main.aux)
\openout1 = `main.aux'.

LaTeX Font Info:    Checking defaults for OML/npxmi/m/it on input line 93.
LaTeX Font Info:    Trying to load font information for OML+npxmi on input line
 93.
 (/usr/share/texmf-dist/tex/latex/newpx/omlnpxmi.fd
File: omlnpxmi.fd 2013/03/21 Fontinst v1.933 font definitions for OML/npxmi.
)
LaTeX Font Info:    ... okay on input line 93.
LaTeX Font Info:    Checking defaults for OMS/cmsy/m/n on input line 93.
LaTeX Font Info:    ... okay on input line 93.
LaTeX Font Info:    Checking defaults for OT1/cmr/m/n on input line 93.
LaTeX Font Info:    ... okay on input line 93.
LaTeX Font Info:    Checking defaults for T1/cmr/m/n on input line 93.
LaTeX Font Info:    ... okay on input line 93.
LaTeX Font Info:    Checking defaults for TS1/cmr/m/n on input line 93.
LaTeX Font Info:    ... okay on input line 93.
LaTeX Font Info:    Checking defaults for OMX/cmex/m/n on input line 93.
LaTeX Font Info:    ... okay on input line 93.
LaTeX Font Info:    Checking defaults for U/npxexa/m/n on input line 93.
LaTeX Font Info:    Trying to load font information for U+npxexa on input line 
93.

(/usr/share/texmf-dist/tex/latex/newpx/unpxexa.fd
File: unpxexa.fd 2013/03/24 Fontinst v1.933 font definitions for U/npxexa.
)
LaTeX Font Info:    ... okay on input line 93.
LaTeX Font Info:    Checking defaults for LMS/npxsy/m/n on input line 93.
LaTeX Font Info:    Trying to load font information for LMS+npxsy on input line
 93.

(/usr/share/texmf-dist/tex/latex/newpx/lmsnpxsy.fd
File: lmsnpxsy.fd 2016/07/04 Fontinst v1.933 font definitions for LMS/npxsy.
)
LaTeX Font Info:    ... okay on input line 93.
LaTeX Font Info:    Checking defaults for LMX/npxexx/m/n on input line 93.
LaTeX Font Info:    Trying to load font information for LMX+npxexx on input lin
e 93.

(/usr/share/texmf-dist/tex/latex/newpx/lmxnpxexx.fd
File: lmxnpxexx.fd 2016/07/04 Fontinst v1.933 font definitions for LMX/npxexx.
)
LaTeX Font Info:    ... okay on input line 93.
LaTeX Font Info:    Checking defaults for PD1/pdf/m/n on input line 93.
LaTeX Font Info:    ... okay on input line 93.
LaTeX Font Info:    Checking defaults for PU/pdf/m/n on input line 93.
LaTeX Font Info:    ... okay on input line 93.
Package microtype Info: Patching varwidth to enable character protrusion.
\MT@vwid@leftmargin=\dimen327
\MT@vwid@rightmargin=\dimen328
LaTeX Info: Redefining \microtypecontext on input line 93.
Package microtype Info: Applying patch `item' on input line 93.
Package microtype Info: Applying patch `toc' on input line 93.
Package microtype Info: Applying patch `eqnum' on input line 93.
Package microtype Info: Applying patch `footnote' on input line 93.
Package microtype Info: Applying patch `verbatim' on input line 93.
LaTeX Info: Redefining \microtypesetup on input line 93.
Package microtype Info: Generating PDF output.
Package microtype Info: Character protrusion enabled (level 2).
Package microtype Info: Using default protrusion set `alltext'.
Package microtype Info: Automatic font expansion enabled (level 2),
(microtype)             stretch: 20, shrink: 20, step: 1, non-selected.
Package microtype Info: Using default expansion set `alltext-nott'.
Package microtype Info: Patching command `\showhyphens'.
Package microtype Info: No adjustment of tracking.
Package microtype Info: No adjustment of interword spacing.
Package microtype Info: No adjustment of character kerning.

(/usr/share/texmf-dist/tex/latex/microtype/mt-ppl.cfg
File: mt-ppl.cfg 2005/11/16 v1.6 microtype config. file: Palatino (RS)
)
(/usr/share/texmf-dist/tex/context/base/mkii/supp-pdf.mkii
[Loading MPS to PDF converter (version 2006.09.02).]
\scratchcounter=\count554
\scratchdimen=\dimen329
\scratchbox=\box76
\nofMPsegments=\count555
\nofMParguments=\count556
\everyMPshowfont=\toks48
\MPscratchCnt=\count557
\MPscratchDim=\dimen330
\MPnumerator=\count558
\makeMPintoPDFobject=\count559
\everyMPtoPDFconversion=\toks49
) (/usr/share/texmf-dist/tex/latex/epstopdf-pkg/epstopdf-base.sty
Package: epstopdf-base 2020-01-24 v2.11 Base part for package epstopdf

(/usr/share/texmf-dist/tex/latex/grfext/grfext.sty
Package: grfext 2019/12/03 v1.3 Manage graphics extensions (HO)
)
Package epstopdf-base Info: Redefining graphics rule for `.eps' on input line 4
85.
Package grfext Info: Graphics extension search list:
(grfext)             [.pdf,.png,.jpg,.mps,.jpeg,.jbig2,.jb2,.PDF,.PNG,.JPG,.JPE
G,.JBIG2,.JB2,.eps]
(grfext)             \AppendGraphicsExtensions on input line 504.

(/usr/share/texmf-dist/tex/latex/latexconfig/epstopdf-sys.cfg
File: epstopdf-sys.cfg 2010/07/13 v1.3 Configuration of (r)epstopdf for TeX Liv
e
))
\c@mv@tabular=\count560
\c@mv@boldtabular=\count561
LaTeX Info: Command `\dddot' is already robust on input line 93.
LaTeX Info: Command `\ddddot' is already robust on input line 93.
Package hyperref Info: Link coloring ON on input line 93.
\@outlinefile=\write8
\openout8 = `main.out'.

Package biblatex Info: Trying to load language 'english'...
Package biblatex Info: ... file 'english.lbx' found.

(/usr/share/texmf-dist/tex/latex/biblatex/lbx/english.lbx
File: english.lbx 2025/07/10 v3.21 biblatex localization (PK/MW)
)
Package biblatex Info: Input encoding 'utf8' detected.
Package biblatex Info: Automatic encoding selection.
(biblatex)             Assuming data encoding 'utf8'.
\openout5 = `main.bcf'.

Package biblatex Info: Trying to load bibliographic data...
Package biblatex Info: ... file 'main.bbl' not found.

No file main.bbl.
Package biblatex Info: Reference section=0 on input line 93.
Package biblatex Info: Reference segment=0 on input line 93.
Package caption Info: Begin \AtBeginDocument code.
Package caption Info: End \AtBeginDocument code.

******************************************************
Stock height and width: 794.96999pt by 614.295pt
Top and edge trims: 0pt and 0pt
Page height and width: 794.96999pt by 614.295pt
Text height and width: 650.20029pt by 361pt
Spine and edge margins: 126.47249pt and 126.47249pt
Upper and lower margins: 72.26999pt and 72.49971pt
Headheight and headsep: 13.6pt and 19.8738pt
Footskip: 27.46295pt
Columnsep and columnseprule: 10pt and 0pt
Marginparsep and marginparwidth: 9.03374pt and 144.54pt
Sidecapsep and sidecapwidth: 9.03374pt and 144.54pt
Sidebarhsep and sidebarwidth: 7pt and 57pt
Sidebarvsep and sidebartopsep: 13.6pt and 0pt
Sidebarheight: 539.9202pt
Sidefoothsep and sidefootwidth: 7pt and 57pt
Sidefootvsep and sidefootheight: 13.6pt and 539.9202pt
******************************************************

LaTeX Font Info:    Trying to load font information for TS1+zpltlf on input lin
e 101.
(/usr/share/texmf-dist/tex/latex/newpx/ts1zpltlf.fd
File: ts1zpltlf.fd 2021/11/24 v1.0 fd file for TS1/zpltlf
)
LaTeX Font Info:    Font shape `TS1/zpltlf/m/n' will be
(Font)              scaled to size 10.95pt on input line 101.
 [1


{/var/lib/texmf/fonts/map/pdftex/updmap/pdftex.map}{/usr/share/texmf-dist/fonts
/enc/dvips/newtx/ntx-ec-tlf.enc}{/usr/share/texmf-dist/fonts/enc/dvips/newpx/zp
l_TOsF.enc}]

******************************************************
Stock height and width: 794.96999pt by 614.295pt
Top and edge trims: 0pt and 0pt
Page height and width: 794.96999pt by 614.295pt
Text height and width: 650.20029pt by 343pt
Spine and edge margins: 72.26999pt and 198.7425pt
Upper and lower margins: 72.26999pt and 72.49971pt
Headheight and headsep: 13.6pt and 19.8738pt
Footskip: 27.46295pt
Columnsep and columnseprule: 10pt and 0pt
Marginparsep and marginparwidth: 9.03374pt and 180.67502pt
Sidecapsep and sidecapwidth: 9.03374pt and 144.54pt
Sidebarhsep and sidebarwidth: 7pt and 57pt
Sidebarvsep and sidebartopsep: 13.6pt and 0pt
Sidebarheight: 539.9202pt
Sidefoothsep and sidefootwidth: 7pt and 57pt
Sidefootvsep and sidefootheight: 13.6pt and 539.9202pt
******************************************************

LaTeX Font Info:    Font shape `T1/zpltlf/m/n' will be
(Font)              scaled to size 24.88pt on input line 104.
LaTeX Font Info:    Trying to load font information for T1+opensans-TLF on inpu
t line 104.
(/usr/share/texmf-dist/tex/latex/opensans/T1opensans-TLF.fd
File: T1opensans-TLF.fd 2019/06/24 Font definitions for T1/opensans-TLF.
)
LaTeX Font Info:    Font shape `T1/opensans-TLF/m/n' will be
(Font)              scaled to size 23.63593pt on input line 104.
Package microtype Info: Loading generic protrusion settings for font family
(microtype)             `opensans-TLF' (encoding: T1).
(microtype)             For optimal results, create family-specific settings.
(microtype)             See the microtype manual for details.
LaTeX Font Info:    Font shape `T1/opensans-TLF/m/it' will be
(Font)              scaled to size 23.63593pt on input line 104.
LaTeX Font Info:    Font shape `T1/zpltlf/m/n' will be
(Font)              scaled to size 14.4pt on input line 104.
<figures/college_logo.png, id=12, 1795.70876pt x 221.82875pt>
File: figures/college_logo.png Graphic file (type png)
<use figures/college_logo.png>
Package pdftex.def Info: figures/college_logo.png  used on input line 104.
(pdftex.def)             Requested size: 252.94499pt x 31.24535pt.
 [2


{/usr/share/texmf-dist/fonts/enc/dvips/opensans/a_jg4h6q.enc} <./figures/colleg
e_logo.png>]
(./abstract.tex
LaTeX Font Info:    Font shape `T1/zpltlf/m/n' will be
(Font)              scaled to size 17.28pt on input line 1.
LaTeX Font Info:    Font shape `T1/opensans-TLF/m/n' will be
(Font)              scaled to size 16.41594pt on input line 1.
LaTeX Font Info:    Font shape `T1/opensans-TLF/m/it' will be
(Font)              scaled to size 16.41594pt on input line 1.
) [3


] (./acknowledgments.tex) [4


]
No file main.toc.
LaTeX Font Info:    Font shape `T1/zpltlf/m/n' will be
(Font)              scaled to size 10.0pt on input line 115.
LaTeX Font Info:    Font shape `T1/zpltlf/m/sl' will be
(Font)              scaled to size 10.0pt on input line 115.
[5

{/usr/share/texmf-dist/fonts/enc/dvips/newtx/ntx-ecth-tlf.enc}]
No file main.lof.
[6

]
No file main.lot.
[7

] (./nomenclature.tex)
No file main.nls.
\openout2 = `fancychapters/chap0.aux'.

(./fancychapters/chap0.tex
Chapter 1.

LaTeX Warning: Citation 'sabour2023applications' on page 1 undefined on input l
ine 3.

LaTeX Font Info:    Font shape `T1/zpltlf/b/n' will be
(Font)              scaled to size 10.95pt on input line 3.

LaTeX Warning: Citation 'aerial_shot' on page 1 undefined on input line 3.


LaTeX Warning: Citation 'drones6050117' on page 1 undefined on input line 3.


LaTeX Warning: Reference `fig:Multicopters' on page 1 undefined on input line 5
.

<figs/chap0/LAPD_Bell_206_Jetranger.jpg, id=50, 589.7232pt x 393.1488pt>
File: figs/chap0/LAPD_Bell_206_Jetranger.jpg Graphic file (type jpg)
<use figs/chap0/LAPD_Bell_206_Jetranger.jpg>
Package pdftex.def Info: figs/chap0/LAPD_Bell_206_Jetranger.jpg  used on input 
line 11.
(pdftex.def)             Requested size: 164.63853pt x 109.75696pt.
LaTeX Font Info:    Font shape `T1/zpltlf/b/n' will be
(Font)              scaled to size 10.0pt on input line 12.
LaTeX Font Info:    Font shape `T1/zpltlf/b/n' will be
(Font)              scaled to size 9.0pt on input line 12.
LaTeX Font Info:    Font shape `T1/zpltlf/m/n' will be
(Font)              scaled to size 9.0pt on input line 12.

LaTeX Warning: Citation 'lapd_bell206_jetranger' on page 1 undefined on input l
ine 12.


LaTeX Warning: Citation 'lapd_bell206_jetranger' on page 1 undefined on input l
ine 12.

<figs/chap0/Onyxstar_Fox-C8_XT_xender_360.jpg, id=51, 602.25pt x 464.73625pt>
File: figs/chap0/Onyxstar_Fox-C8_XT_xender_360.jpg Graphic file (type jpg)
<use figs/chap0/Onyxstar_Fox-C8_XT_xender_360.jpg>
Package pdftex.def Info: figs/chap0/Onyxstar_Fox-C8_XT_xender_360.jpg  used on 
input line 18.
(pdftex.def)             Requested size: 164.63853pt x 127.04764pt.

LaTeX Warning: Citation 'onyxstar_foxc8_xt_xender_360' on page 1 undefined on i
nput line 19.


LaTeX Warning: Citation 'onyxstar_foxc8_xt_xender_360' on page 1 undefined on i
nput line 19.


Underfull \hbox (badness 1389) in paragraph at lines 19--19
[][]\T1/zpltlf/b/n/9 (+20) (b)[][] []|\T1/zpltlf/m/n/9 (+20) Onyxs-tar Fox-C8 X
T Xen-der 360
 []


Underfull \hbox (badness 1014) in paragraph at lines 19--19
\T1/zpltlf/m/n/9 (+20) UAV. Im-age by Zul-lyC3P (2015), via
 []


Underfull \hbox (badness 1072) in paragraph at lines 19--19
\T1/zpltlf/m/n/9 (+20) Wiki-me-dia Com-mons. Li-censed un-
 []


Underfull \hbox (badness 5878) in paragraph at lines 19--19
\T1/zpltlf/m/n/9 (+20) der Cre-ative Com-mons Attribution-
 []

<figs/chap0/The_Hexacopter.jpg, id=52, 1830.84pt x 1312.905pt>
File: figs/chap0/The_Hexacopter.jpg Graphic file (type jpg)
<use figs/chap0/The_Hexacopter.jpg>
Package pdftex.def Info: figs/chap0/The_Hexacopter.jpg  used on input line 28.
(pdftex.def)             Requested size: 164.63853pt x 118.05618pt.

LaTeX Warning: Citation 'the_hexacopter' on page 1 undefined on input line 29.


LaTeX Warning: Citation 'the_hexacopter' on page 1 undefined on input line 29.

<figs/chap0/redbull.jpeg, id=53, 1284.8pt x 722.7pt>
File: figs/chap0/redbull.jpeg Graphic file (type jpg)
<use figs/chap0/redbull.jpeg>
Package pdftex.def Info: figs/chap0/redbull.jpeg  used on input line 35.
(pdftex.def)             Requested size: 164.63853pt x 92.60893pt.

LaTeX Warning: Citation 'tnw_fastest_camera_drone_image' on page 1 undefined on
 input line 36.


LaTeX Warning: Citation 'tnw_fastest_camera_drone_image' on page 1 undefined on
 input line 36.


LaTeX Warning: Reference `fig:racingDrone' on page 1 undefined on input line 40
.


LaTeX Warning: Reference `fig:racingDrone' on page 1 undefined on input line 40
.


LaTeX Warning: Reference `fig:FixedWings' on page 1 undefined on input line 44.


<figs/chap0/MQ-9_Reaper_UAV_(cropped).jpg, id=54, 727.9998pt x 478.4274pt>
File: figs/chap0/MQ-9_Reaper_UAV_(cropped).jpg Graphic file (type jpg)
<use figs/chap0/MQ-9_Reaper_UAV_(cropped).jpg>
Package pdftex.def Info: figs/chap0/MQ-9_Reaper_UAV_(cropped).jpg  used on inpu
t line 50.
(pdftex.def)             Requested size: 164.63853pt x 108.19633pt.

LaTeX Warning: Citation 'mq9_reaper_uav_cropped' on page 1 undefined on input l
ine 51.


LaTeX Warning: Citation 'mq9_reaper_uav_cropped' on page 1 undefined on input l
ine 51.

<figs/chap0/4096px-Zipline_Drone_Launch.jpg, id=55, 4111.36pt x 2831.57875pt>
File: figs/chap0/4096px-Zipline_Drone_Launch.jpg Graphic file (type jpg)
<use figs/chap0/4096px-Zipline_Drone_Launch.jpg>
Package pdftex.def Info: figs/chap0/4096px-Zipline_Drone_Launch.jpg  used on in
put line 57.
(pdftex.def)             Requested size: 164.63853pt x 113.37347pt.

LaTeX Warning: Citation 'zipline_drone_launch' on page 1 undefined on input lin
e 58.


LaTeX Warning: Citation 'zipline_drone_launch' on page 1 undefined on input lin
e 58.


LaTeX Warning: Citation 'uav_book' on page 1 undefined on input line 66.


LaTeX Warning: Citation 'uav_book' on page 1 undefined on input line 66.


LaTeX Warning: Citation 'vtol_book' on page 1 undefined on input line 66.

[1





]
Package marginnote Info: Using workaround for absolute page number on input lin
e 67.


LaTeX Warning: Citation 'Rehan_Akram_Shahzad_Shams_Ali_2022' on page 2 undefine
d on input line 68.


LaTeX Warning: Reference `fig:eVTOLExamples' on page 2 undefined on input line 
68.

<figs/chap0/Archer_Midnight_top_view.jpg, id=62, 2007.5pt x 1337.99875pt>
File: figs/chap0/Archer_Midnight_top_view.jpg Graphic file (type jpg)
<use figs/chap0/Archer_Midnight_top_view.jpg>
Package pdftex.def Info: figs/chap0/Archer_Midnight_top_view.jpg  used on input
 line 74.
(pdftex.def)             Requested size: 164.63853pt x 109.7166pt.
LaTeX Font Info:    Trying to load font information for OT1+minzpl on input lin
e 75.
(/usr/share/texmf-dist/tex/latex/newpx/ot1minzpl.fd
File: ot1minzpl.fd 2021/05/25 v1.0 font definition file for OT1/minzpl/TLF
)
LaTeX Font Info:    Font shape `OT1/minzpl/m/n' will be
(Font)              scaled to size 9.0pt on input line 75.
Package microtype Info: Loading generic protrusion settings for font family
(microtype)             `minzpl' (encoding: OT1).
(microtype)             For optimal results, create family-specific settings.
(microtype)             See the microtype manual for details.
LaTeX Font Info:    Font shape `OT1/minzpl/m/n' will be
(Font)              scaled to size 7.3pt on input line 75.
LaTeX Font Info:    Font shape `OT1/minzpl/m/n' will be
(Font)              scaled to size 5.5pt on input line 75.
LaTeX Font Info:    Trying to load font information for U+npxmia on input line 
75.

(/usr/share/texmf-dist/tex/latex/newpx/unpxmia.fd
File: unpxmia.fd 2013/03/24 Fontinst v1.933 font definitions for U/npxmia.
)
LaTeX Font Info:    Trying to load font information for U+npxsym on input line 
75.

(/usr/share/texmf-dist/tex/latex/newpx/unpxsym.fd
File: unpxsym.fd 2023/08/16 Fontinst v1.933 font definitions for U/npxsym.
)
LaTeX Font Info:    Trying to load font information for U+npxsyc on input line 
75.

(/usr/share/texmf-dist/tex/latex/newpx/unpxsyc.fd
File: unpxsyc.fd 2013/03/24 Fontinst v1.933 font definitions for U/npxsyc.
)
LaTeX Font Info:    Trying to load font information for U+msa on input line 75.


(/usr/share/texmf-dist/tex/latex/amsfonts/umsa.fd
File: umsa.fd 2013/01/14 v3.01 AMS symbols A
)
(/usr/share/texmf-dist/tex/latex/microtype/mt-msa.cfg
File: mt-msa.cfg 2006/02/04 v1.1 microtype config. file: AMS symbols (a) (RS)
)
LaTeX Font Info:    Trying to load font information for U+msb on input line 75.


(/usr/share/texmf-dist/tex/latex/amsfonts/umsb.fd
File: umsb.fd 2013/01/14 v3.01 AMS symbols B
)
(/usr/share/texmf-dist/tex/latex/microtype/mt-msb.cfg
File: mt-msb.cfg 2005/06/01 v1.0 microtype config. file: AMS symbols (b) (RS)
)

LaTeX Warning: Citation 'evtolnews_archer_image' on page 2 undefined on input l
ine 75.


LaTeX Warning: Citation 'evtolnews_archer_image' on page 2 undefined on input l
ine 75.

<figs/chap0/2048px-BETA_Technologies_A250_eVTOL_Prototype_Aircraft.jpg, id=65, 
2055.68pt x 1074.0125pt>
File: figs/chap0/2048px-BETA_Technologies_A250_eVTOL_Prototype_Aircraft.jpg Gra
phic file (type jpg)
<use figs/chap0/2048px-BETA_Technologies_A250_eVTOL_Prototype_Aircraft.jpg>
Package pdftex.def Info: figs/chap0/2048px-BETA_Technologies_A250_eVTOL_Prototy
pe_Aircraft.jpg  used on input line 81.
(pdftex.def)             Requested size: 164.63853pt x 86.00468pt.

LaTeX Warning: Citation 'beta_a250_evtol_prototype' on page 2 undefined on inpu
t line 82.


LaTeX Warning: Citation 'beta_a250_evtol_prototype' on page 2 undefined on inpu
t line 82.


Underfull \hbox (badness 1389) in paragraph at lines 82--82
[][]\T1/zpltlf/b/n/9 (+20) (b)[][] []|\T1/zpltlf/m/n/9 (+20) Onyxs-tar Fox-C8 X
T Xen-der 360
 []


Underfull \hbox (badness 1014) in paragraph at lines 82--82
\T1/zpltlf/m/n/9 (+20) UAV. Im-age by Zul-lyC3P (2015), via
 []


Underfull \hbox (badness 1072) in paragraph at lines 82--82
\T1/zpltlf/m/n/9 (+20) Wiki-me-dia Com-mons. Li-censed un-
 []


Underfull \hbox (badness 5878) in paragraph at lines 82--82
\T1/zpltlf/m/n/9 (+20) der Cre-ative Com-mons Attribution-
 []

<figs/chap0/MV-22_mcas_Miramar_2014.jpeg, id=66, 2159.06625pt x 1419.3025pt>
File: figs/chap0/MV-22_mcas_Miramar_2014.jpeg Graphic file (type jpg)
<use figs/chap0/MV-22_mcas_Miramar_2014.jpeg>
Package pdftex.def Info: figs/chap0/MV-22_mcas_Miramar_2014.jpeg  used on input
 line 91.
(pdftex.def)             Requested size: 164.63853pt x 108.21895pt.

LaTeX Warning: Citation 'mv22_mcas_miramar_2014' on page 2 undefined on input l
ine 92.


LaTeX Warning: Citation 'mv22_mcas_miramar_2014' on page 2 undefined on input l
ine 92.


Underfull \hbox (badness 3861) in paragraph at lines 92--92
\T1/zpltlf/m/n/9 (+20) Sta-tion Mi-ra-mar, Cal-i-for-nia, dur-ing
 []


Underfull \hbox (badness 1303) in paragraph at lines 92--92
\T1/zpltlf/m/n/9 (+20) the 2014 air show. Pho-to-graph by
 []


Underfull \hbox (badness 1629) in paragraph at lines 92--92
\T1/zpltlf/m/n/9 (+20) FOX 52, 2014, via Wiki-me-dia Com-
 []


Underfull \hbox (badness 7344) in paragraph at lines 92--92
\T1/zpltlf/m/n/9 (+20) mons. Li-censed un-der Cre-ative
 []


Underfull \hbox (badness 10000) in paragraph at lines 92--92
\T1/zpltlf/m/n/9 (+20) Com-mons Attribution[]ShareAlike
 []


Underfull \hbox (badness 10000) in paragraph at lines 92--92
\T1/zpltlf/m/n/9 (+20) 4.0 In-ter-na-tional (CC BY[]SA 4.0).
 []

<figs/chap0/zipline_source_bill_carey.jpg, id=67, 803.0pt x 553.06625pt>
File: figs/chap0/zipline_source_bill_carey.jpg Graphic file (type jpg)
<use figs/chap0/zipline_source_bill_carey.jpg>
Package pdftex.def Info: figs/chap0/zipline_source_bill_carey.jpg  used on inpu
t line 98.
(pdftex.def)             Requested size: 164.63853pt x 113.3962pt.

LaTeX Warning: Citation 'zipline_p2_drone_aviationweek' on page 2 undefined on 
input line 99.


LaTeX Warning: Citation 'zipline_p2_drone_aviationweek' on page 2 undefined on 
input line 99.


Underfull \hbox (badness 1694) in paragraph at lines 99--99
[][]\T1/zpltlf/b/n/9 (+20) (d)[][] []|\T1/zpltlf/m/n/9 (+20) Zi-pline second[]g
eneration P2 au-
 []


LaTeX Warning: Reference `fig:archer' on page 2 undefined on input line 103.


LaTeX Warning: Reference `fig:BetaTech' on page 2 undefined on input line 103.


LaTeX Warning: Reference `fig:osprey' on page 2 undefined on input line 103.


LaTeX Warning: Reference `fig:zipline' on page 2 undefined on input line 103.


LaTeX Warning: Reference `fig:archer' on page 2 undefined on input line 103.


LaTeX Warning: Reference `fig:BetaTech' on page 2 undefined on input line 103.


LaTeX Warning: Reference `fig:osprey' on page 2 undefined on input line 103.


LaTeX Warning: Reference `fig:zipline' on page 2 undefined on input line 103.

LaTeX Font Info:    Font shape `OT1/minzpl/m/n' will be
(Font)              scaled to size 10.95pt on input line 107.
LaTeX Font Info:    Font shape `OT1/minzpl/m/n' will be
(Font)              scaled to size 8.0pt on input line 107.
LaTeX Font Info:    Font shape `OT1/minzpl/m/n' will be
(Font)              scaled to size 6.1pt on input line 107.
[2 <./figs/chap0/LAPD_Bell_206_Jetranger.jpg> <./figs/chap0/Onyxstar_Fox-C8_XT_
xender_360.jpg> <./figs/chap0/The_Hexacopter.jpg> <./figs/chap0/redbull.jpeg>]
LaTeX Font Info:    Font shape `T1/zpltlf/m/n' will be
(Font)              scaled to size 12.0pt on input line 117.
LaTeX Font Info:    Font shape `T1/opensans-TLF/m/n' will be
(Font)              scaled to size 11.39996pt on input line 117.
) [3 <./figs/chap0/MQ-9_Reaper_UAV_(cropped).jpg> <./figs/chap0/4096px-Zipline_
Drone_Launch.jpg>] [4 <./figs/chap0/Archer_Midnight_top_view.jpg> <./figs/chap0
/2048px-BETA_Technologies_A250_eVTOL_Prototype_Aircraft.jpg> <./figs/chap0/MV-2
2_mcas_Miramar_2014.jpeg> <./figs/chap0/zipline_source_bill_carey.jpg>] [5]
\openout2 = `fancychapters/chap1.aux'.


(./fancychapters/chap1.tex
Chapter 2.

LaTeX Warning: Citation 'uav_book' on page 6 undefined on input line 21.


LaTeX Warning: Citation 'vtol_book' on page 6 undefined on input line 21.


LaTeX Warning: Reference `fig:Px4' on page 6 undefined on input line 27.


LaTeX Warning: Citation 'transition_video' on page 6 undefined on input line 27
.

[6




]
<figs/chap1/Px4VTOL.png, id=99, 813.0375pt x 374.39874pt>
File: figs/chap1/Px4VTOL.png Graphic file (type png)
<use figs/chap1/Px4VTOL.png>
Package pdftex.def Info: figs/chap1/Px4VTOL.png  used on input line 33.
(pdftex.def)             Requested size: 164.63853pt x 75.81532pt.


LaTeX Warning: Citation 'px4_controller_diagrams' on page 7 undefined on input 
line 34.


LaTeX Warning: Citation 'px4_controller_diagrams' on page 7 undefined on input 
line 34.


Underfull \hbox (badness 1490) in paragraph at lines 34--34
[][]\T1/zpltlf/b/n/9 (+20) (a)[][] []|\T1/zpltlf/m/n/9 (+20) Px4 VTOL con-trol 
law. No-tice
 []

<figs/chap1/Px4VTOLFlightPath.jpg, id=100, 2022.55624pt x 1816.7875pt>
File: figs/chap1/Px4VTOLFlightPath.jpg Graphic file (type jpg)
<use figs/chap1/Px4VTOLFlightPath.jpg>
Package pdftex.def Info: figs/chap1/Px4VTOLFlightPath.jpg  used on input line 4
0.
(pdftex.def)             Requested size: 164.63853pt x 147.86867pt.

LaTeX Warning: Citation 'gain_scheduling' on page 7 undefined on input line 60.


LaTeX Font Info:    Font shape `T1/opensans-TLF/m/n' will be
(Font)              scaled to size 10.40245pt on input line 65.
[7 <./figs/chap1/Px4VTOL.png> <./figs/chap1/Px4VTOLFlightPath.jpg>]

LaTeX Warning: Citation 'lpv_controller' on page 8 undefined on input line 77.


LaTeX Warning: Citation 'mpc_controller' on page 8 undefined on input line 86.

LaTeX Font Info:    Font shape `OT1/minzpl/b/n' will be
(Font)              scaled to size 10.95pt on input line 87.
LaTeX Font Info:    Font shape `OT1/minzpl/b/n' will be
(Font)              scaled to size 8.0pt on input line 87.
LaTeX Font Info:    Font shape `OT1/minzpl/b/n' will be
(Font)              scaled to size 6.1pt on input line 87.
[8{/usr/share/texmf-dist/fonts/enc/dvips/newpx/px-lms.enc}]

LaTeX Warning: Citation 'incremental_nonlinear_dynamic_inversion' on page 9 und
efined on input line 102.


LaTeX Warning: Citation 'incremental_nonlinear_dynamic_inversion' on page 9 und
efined on input line 102.


Overfull \hbox (128.0552pt too wide) in paragraph at lines 102--103
[]\T1/zpltlf/m/n/10.95 (-20) In [[]], [].
 []

<figs/quadplane_2D.pdf, id=121, 859.29025pt x 176.5797pt>
File: figs/quadplane_2D.pdf Graphic file (type pdf)
<use figs/quadplane_2D.pdf>
Package pdftex.def Info: figs/quadplane_2D.pdf  used on input line 113.
(pdftex.def)             Requested size: 257.25pt x 52.86383pt.
[9{/usr/share/texmf-dist/fonts/enc/dvips/newtx/ntx-ot1-tlf.enc} <./figs/quadpla
ne_2D.pdf>] [10]

LaTeX Warning: Citation 'duffBuildingOrthonormalBasis' on page 11 undefined on 
input line 231.


LaTeX Warning: Citation 'duffBuildingOrthonormalBasis' on page 11 undefined on 
input line 231.

Package hyperref Info: bookmark level for unknown algorithm defaults to 0 on in
put line 237.
[11]

LaTeX Warning: Reference `fig:orthogonal projection' on page 12 undefined on in
put line 291.

<figs/chap1/Orthogonal Projection.png, id=181, 276.03125pt x 172.31041pt>
File: figs/chap1/Orthogonal Projection.png Graphic file (type png)
<use figs/chap1/Orthogonal Projection.png>
Package pdftex.def Info: figs/chap1/Orthogonal Projection.png  used on input li
ne 295.
(pdftex.def)             Requested size: 171.5pt x 107.0627pt.

LaTeX Warning: Citation 'orthogonal_projection_rg' on page 12 undefined on inpu
t line 296.


LaTeX Warning: Citation 'orthogonal_projection_rg' on page 12 undefined on inpu
t line 296.

[12] [13 <./figs/chap1/Orthogonal Projection.png>]

LaTeX Warning: Citation 'uav_book' on page 14 undefined on input line 343.

LaTeX Font Info:    Font shape `OT1/minzpl/b/n' will be
(Font)              scaled to size 9.0pt on input line 344.
LaTeX Font Info:    Font shape `OT1/minzpl/b/n' will be
(Font)              scaled to size 7.3pt on input line 344.
LaTeX Font Info:    Font shape `OT1/minzpl/b/n' will be
(Font)              scaled to size 5.5pt on input line 344.
LaTeX Font Info:    Font shape `T1/zpltlf/m/n' will be
(Font)              scaled to size 7.3pt on input line 345.
LaTeX Font Info:    Font shape `T1/zpltlf/m/n' will be
(Font)              scaled to size 5.5pt on input line 345.

LaTeX Warning: Citation 'uav_book' on page 14 undefined on input line 395.

[14] [15]

LaTeX Warning: Reference `sec:BSplineMatrixRepresentation' on page 16 undefined
 on input line 497.


LaTeX Warning: Reference `eq:evtol_kinematics' on page 16 undefined on input li
ne 505.

[16]

LaTeX Warning: Reference `eq:inputs_feedback_linearization' on page 17 undefine
d on input line 563.


LaTeX Warning: Reference `eq:lqr' on page 17 undefined on input line 563.

[17]
<figs/chap1/elevator and q force omission.png, id=259, 574.5465pt x 226.2051pt>

File: figs/chap1/elevator and q force omission.png Graphic file (type png)
<use figs/chap1/elevator and q force omission.png>
Package pdftex.def Info: figs/chap1/elevator and q force omission.png  used on 
input line 588.
(pdftex.def)             Requested size: 257.25pt x 101.28395pt.
 [18 <./figs/chap1/elevator and q force omission.png>]
LaTeX Font Info:    Font shape `T1/zpltlf/m/n' will be
(Font)              scaled to size 8.0pt on input line 625.
LaTeX Font Info:    Font shape `T1/zpltlf/m/n' will be
(Font)              scaled to size 6.1pt on input line 625.


LaTeX Warning: Reference `eq:pitch_optimization' on page 19 undefined on input 
line 642.

[19]

LaTeX Warning: Reference `fig:one norm visual' on page 20 undefined on input li
ne 679.

<figs/chap1/1 Norm Visualization.drawio.png, id=284, 1545.775pt x 1003.75pt>
File: figs/chap1/1 Norm Visualization.drawio.png Graphic file (type png)
<use figs/chap1/1 Norm Visualization.drawio.png>
Package pdftex.def Info: figs/chap1/1 Norm Visualization.drawio.png  used on in
put line 683.
(pdftex.def)             Requested size: 171.5pt x 111.36243pt.
[20 <./figs/chap1/1 Norm Visualization.drawio.png>]

LaTeX Warning: Reference `fig:feedforwardThetaMoment' on page 21 undefined on i
nput line 717.

<figs/chap1/Moment Control Flowchart.drawio.png, id=297, 2589.675pt x 1485.55pt
>
File: figs/chap1/Moment Control Flowchart.drawio.png Graphic file (type png)
<use figs/chap1/Moment Control Flowchart.drawio.png>
Package pdftex.def Info: figs/chap1/Moment Control Flowchart.drawio.png  used o
n input line 721.
(pdftex.def)             Requested size: 257.25pt x 147.56631pt.
[21 <./figs/chap1/Moment Control Flowchart.drawio.png>]

LaTeX Warning: Reference `eq:MomentsSum' on page 22 undefined on input line 774
.

[22]

LaTeX Warning: Reference `fig:quadplane_2D' on page 23 undefined on input line 
786.

[23] [24] [25]

LaTeX Warning: Reference `sec:PitchFree' on page 26 undefined on input line 941
.


LaTeX Warning: Reference `sec:momentControl' on page 26 undefined on input line
 959.

[26]

LaTeX Warning: Reference `tb:vtolCoefficients' on page 27 undefined on input li
ne 979.


LaTeX Warning: Reference `ch:BSplines' on page 27 undefined on input line 1031.


[27{/usr/share/texmf-dist/fonts/enc/dvips/newpx/pxb-lms.enc}]
<figs/chap1/Takeoff/startControlPoints.png, id=396, 462.528pt x 346.896pt>
File: figs/chap1/Takeoff/startControlPoints.png Graphic file (type png)
<use figs/chap1/Takeoff/startControlPoints.png>
Package pdftex.def Info: figs/chap1/Takeoff/startControlPoints.png  used on inp
ut line 1047.
(pdftex.def)             Requested size: 164.63853pt x 123.47975pt.
<figs/chap1/Takeoff/endControlPoints.png, id=397, 462.528pt x 346.896pt>
File: figs/chap1/Takeoff/endControlPoints.png Graphic file (type png)
<use figs/chap1/Takeoff/endControlPoints.png>
Package pdftex.def Info: figs/chap1/Takeoff/endControlPoints.png  used on input
 line 1054.
(pdftex.def)             Requested size: 164.63853pt x 123.47975pt.
<figs/chap1/Takeoff/startEndControlPoints_2.png, id=398, 682.2288pt x 257.2812p
t>
File: figs/chap1/Takeoff/startEndControlPoints_2.png Graphic file (type png)
<use figs/chap1/Takeoff/startEndControlPoints_2.png>
Package pdftex.def Info: figs/chap1/Takeoff/startEndControlPoints_2.png  used o
n input line 1061.
(pdftex.def)             Requested size: 343.0pt x 129.35085pt.


LaTeX Warning: Reference `fig:TakeoffShape' on page 28 undefined on input line 
1078.

[28 <./figs/chap1/Takeoff/startControlPoints.png> <./figs/chap1/Takeoff/endCont
rolPoints.png> <./figs/chap1/Takeoff/startEndControlPoints_2.png>]
<figs/chap1/Takeoff/Takeoff shape without control points.png, id=410, 781.2387p
t x 254.3904pt>
File: figs/chap1/Takeoff/Takeoff shape without control points.png Graphic file 
(type png)
<use figs/chap1/Takeoff/Takeoff shape without control points.png>
Package pdftex.def Info: figs/chap1/Takeoff/Takeoff shape without control point
s.png  used on input line 1084.
(pdftex.def)             Requested size: 343.0pt x 111.69145pt.
<figs/chap1/Takeoff/Takeoff shape with control points.png, id=411, 756.6669pt x
 346.896pt>
File: figs/chap1/Takeoff/Takeoff shape with control points.png Graphic file (ty
pe png)
<use figs/chap1/Takeoff/Takeoff shape with control points.png>
Package pdftex.def Info: figs/chap1/Takeoff/Takeoff shape with control points.p
ng  used on input line 1092.
(pdftex.def)             Requested size: 343.0pt x 157.25037pt.


LaTeX Warning: Reference `fig:TakeoffShapeWithControl' on page 29 undefined on 
input line 1096.


LaTeX Warning: Reference `fig:TakeoffShapeWithControl' on page 29 undefined on 
input line 1096.


LaTeX Warning: Reference `fig:TakeoffMetrics' on page 29 undefined on input lin
e 1102.

<figs/chap1/Takeoff/posVelError.png, id=413, 462.528pt x 346.896pt>
File: figs/chap1/Takeoff/posVelError.png Graphic file (type png)
<use figs/chap1/Takeoff/posVelError.png>
Package pdftex.def Info: figs/chap1/Takeoff/posVelError.png  used on input line
 1108.
(pdftex.def)             Requested size: 164.63853pt x 123.47975pt.
<figs/chap1/Takeoff/ForcesComparison.png, id=414, 462.528pt x 409.7709pt>
File: figs/chap1/Takeoff/ForcesComparison.png Graphic file (type png)
<use figs/chap1/Takeoff/ForcesComparison.png>
Package pdftex.def Info: figs/chap1/Takeoff/ForcesComparison.png  used on input
 line 1115.
(pdftex.def)             Requested size: 164.63853pt x 145.86047pt.
<figs/chap1/Takeoff/TrajectorActualAndDesired.png, id=415, 700.2963pt x 207.414
9pt>
File: figs/chap1/Takeoff/TrajectorActualAndDesired.png Graphic file (type png)
<use figs/chap1/Takeoff/TrajectorActualAndDesired.png>
Package pdftex.def Info: figs/chap1/Takeoff/TrajectorActualAndDesired.png  used
 on input line 1125.
(pdftex.def)             Requested size: 343.0pt x 101.58987pt.
<figs/chap1/Takeoff/Deltas.png, id=416, 462.528pt x 346.896pt>
File: figs/chap1/Takeoff/Deltas.png Graphic file (type png)
<use figs/chap1/Takeoff/Deltas.png>
Package pdftex.def Info: figs/chap1/Takeoff/Deltas.png  used on input line 1135
.
(pdftex.def)             Requested size: 164.63853pt x 123.47975pt.
<figs/chap1/Takeoff/Angles.png, id=417, 462.528pt x 346.896pt>
File: figs/chap1/Takeoff/Angles.png Graphic file (type png)
<use figs/chap1/Takeoff/Angles.png>
Package pdftex.def Info: figs/chap1/Takeoff/Angles.png  used on input line 1142
.
(pdftex.def)             Requested size: 164.63853pt x 123.47975pt.

LaTeX Warning: Reference `fig:TakeoffMetrics' on page 29 undefined on input lin
e 1150.


LaTeX Warning: Reference `sec:one norm' on page 29 undefined on input line 1154
.

[29 <./figs/chap1/Takeoff/Takeoff shape without control points.png> <./figs/cha
p1/Takeoff/Takeoff shape with control points.png>] [30 <./figs/chap1/Takeoff/po
sVelError.png> <./figs/chap1/Takeoff/ForcesComparison.png> <./figs/chap1/Takeof
f/TrajectorActualAndDesired.png> <./figs/chap1/Takeoff/Deltas.png> <./figs/chap
1/Takeoff/Angles.png>]

LaTeX Warning: Reference `fig:LandingTrajectory' on page 31 undefined on input 
line 1185.

<figs/chap1/landing/ReferenceTrajectory.png, id=437, 669.2202pt x 310.761pt>
File: figs/chap1/landing/ReferenceTrajectory.png Graphic file (type png)
<use figs/chap1/landing/ReferenceTrajectory.png>
Package pdftex.def Info: figs/chap1/landing/ReferenceTrajectory.png  used on in
put line 1189.
(pdftex.def)             Requested size: 240.09895pt x 111.49452pt.
<figs/chap1/landing/PosVelErrors.png, id=439, 462.528pt x 346.896pt>
File: figs/chap1/landing/PosVelErrors.png Graphic file (type png)
<use figs/chap1/landing/PosVelErrors.png>
Package pdftex.def Info: figs/chap1/landing/PosVelErrors.png  used on input lin
e 1201.
(pdftex.def)             Requested size: 164.63853pt x 123.47975pt.
<figs/chap1/landing/ForcesComparisons.png, id=440, 462.528pt x 346.896pt>
File: figs/chap1/landing/ForcesComparisons.png Graphic file (type png)
<use figs/chap1/landing/ForcesComparisons.png>
Package pdftex.def Info: figs/chap1/landing/ForcesComparisons.png  used on inpu
t line 1208.
(pdftex.def)             Requested size: 164.63853pt x 123.47975pt.
<figs/chap1/landing/DesiredActualTrajectory.png, id=441, 462.528pt x 346.896pt>

File: figs/chap1/landing/DesiredActualTrajectory.png Graphic file (type png)
<use figs/chap1/landing/DesiredActualTrajectory.png>
Package pdftex.def Info: figs/chap1/landing/DesiredActualTrajectory.png  used o
n input line 1218.
(pdftex.def)             Requested size: 343.0pt x 257.26009pt.
<figs/chap1/landing/Deltas.png, id=442, 462.528pt x 346.896pt>
File: figs/chap1/landing/Deltas.png Graphic file (type png)
<use figs/chap1/landing/Deltas.png>
Package pdftex.def Info: figs/chap1/landing/Deltas.png  used on input line 1228
.
(pdftex.def)             Requested size: 164.63853pt x 123.47975pt.
<figs/chap1/landing/Angles.png, id=443, 462.528pt x 346.896pt>
File: figs/chap1/landing/Angles.png Graphic file (type png)
<use figs/chap1/landing/Angles.png>
Package pdftex.def Info: figs/chap1/landing/Angles.png  used on input line 1235
.
(pdftex.def)             Requested size: 164.63853pt x 123.47975pt.

LaTeX Warning: Float too large for page by 10.87204pt on input line 1241.


LaTeX Warning: Reference `fig:successiveAscent' on page 31 undefined on input l
ine 1249.

<figs/chap1/successiveAscent/Successive Ascent.drawio.png, id=444, 3232.075pt x
 1184.425pt>
File: figs/chap1/successiveAscent/Successive Ascent.drawio.png Graphic file (ty
pe png)
<use figs/chap1/successiveAscent/Successive Ascent.drawio.png>
Package pdftex.def Info: figs/chap1/successiveAscent/Successive Ascent.drawio.p
ng  used on input line 1253.
(pdftex.def)             Requested size: 240.09895pt x 87.9786pt.
[31 <./figs/chap1/landing/ReferenceTrajectory.png>] [32 <./figs/chap1/landing/P
osVelErrors.png> <./figs/chap1/landing/ForcesComparisons.png> <./figs/chap1/lan
ding/DesiredActualTrajectory.png> <./figs/chap1/landing/Deltas.png> <./figs/cha
p1/landing/Angles.png>]
<figs/chap1/successiveAscent/PosVelErrors.png, id=466, 462.528pt x 346.896pt>
File: figs/chap1/successiveAscent/PosVelErrors.png Graphic file (type png)
<use figs/chap1/successiveAscent/PosVelErrors.png>
Package pdftex.def Info: figs/chap1/successiveAscent/PosVelErrors.png  used on 
input line 1264.
(pdftex.def)             Requested size: 164.63853pt x 123.47975pt.
<figs/chap1/successiveAscent/forceComparisons.png, id=467, 462.528pt x 346.896p
t>
File: figs/chap1/successiveAscent/forceComparisons.png Graphic file (type png)
<use figs/chap1/successiveAscent/forceComparisons.png>
Package pdftex.def Info: figs/chap1/successiveAscent/forceComparisons.png  used
 on input line 1271.
(pdftex.def)             Requested size: 164.63853pt x 123.47975pt.
<figs/chap1/successiveAscent/TrajectoryComparisons.png, id=468, 462.528pt x 346
.896pt>
File: figs/chap1/successiveAscent/TrajectoryComparisons.png Graphic file (type 
png)
<use figs/chap1/successiveAscent/TrajectoryComparisons.png>
Package pdftex.def Info: figs/chap1/successiveAscent/TrajectoryComparisons.png 
 used on input line 1281.
(pdftex.def)             Requested size: 343.0pt x 257.26009pt.
<figs/chap1/successiveAscent/Deltas.png, id=469, 419.8887pt x 294.1389pt>
File: figs/chap1/successiveAscent/Deltas.png Graphic file (type png)
<use figs/chap1/successiveAscent/Deltas.png>
Package pdftex.def Info: figs/chap1/successiveAscent/Deltas.png  used on input 
line 1291.
(pdftex.def)             Requested size: 164.63853pt x 115.33307pt.
<figs/chap1/successiveAscent/angles.png, id=470, 462.528pt x 346.896pt>
File: figs/chap1/successiveAscent/angles.png Graphic file (type png)
<use figs/chap1/successiveAscent/angles.png>
Package pdftex.def Info: figs/chap1/successiveAscent/angles.png  used on input 
line 1298.
(pdftex.def)             Requested size: 164.63853pt x 123.47975pt.


LaTeX Warning: Float too large for page by 10.87204pt on input line 1304.


LaTeX Warning: Reference `fig:SuccessiveVelComparison' on page 33 undefined on 
input line 1308.

<figs/chap1/successiveAscent/VelocitiesComparisons.png, id=471, 462.528pt x 346
.896pt>
File: figs/chap1/successiveAscent/VelocitiesComparisons.png Graphic file (type 
png)
<use figs/chap1/successiveAscent/VelocitiesComparisons.png>
Package pdftex.def Info: figs/chap1/successiveAscent/VelocitiesComparisons.png 
 used on input line 1313.
(pdftex.def)             Requested size: 343.0pt x 257.26009pt.

LaTeX Warning: Reference `fig:StepMetrics' on page 33 undefined on input line 1
322.

<figs/chap1/StepError/PosVelErrors.png, id=473, 497.9403pt x 346.896pt>
File: figs/chap1/StepError/PosVelErrors.png Graphic file (type png)
<use figs/chap1/StepError/PosVelErrors.png>
Package pdftex.def Info: figs/chap1/StepError/PosVelErrors.png  used on input l
ine 1329.
(pdftex.def)             Requested size: 164.63853pt x 114.69304pt.
<figs/chap1/StepError/forcesComparison.png, id=474, 462.528pt x 346.896pt>
File: figs/chap1/StepError/forcesComparison.png Graphic file (type png)
<use figs/chap1/StepError/forcesComparison.png>
Package pdftex.def Info: figs/chap1/StepError/forcesComparison.png  used on inp
ut line 1336.
(pdftex.def)             Requested size: 164.63853pt x 123.47975pt.
<figs/chap1/StepError/PosComparisons.png, id=475, 462.528pt x 346.896pt>
File: figs/chap1/StepError/PosComparisons.png Graphic file (type png)
<use figs/chap1/StepError/PosComparisons.png>
Package pdftex.def Info: figs/chap1/StepError/PosComparisons.png  used on input
 line 1346.
(pdftex.def)             Requested size: 164.63853pt x 123.47975pt.
<figs/chap1/StepError/VelComparisons.png, id=476, 462.528pt x 346.896pt>
File: figs/chap1/StepError/VelComparisons.png Graphic file (type png)
<use figs/chap1/StepError/VelComparisons.png>
Package pdftex.def Info: figs/chap1/StepError/VelComparisons.png  used on input
 line 1353.
(pdftex.def)             Requested size: 164.63853pt x 123.47975pt.
<figs/chap1/StepError/Deltas2.png, id=477, 462.528pt x 346.896pt>
File: figs/chap1/StepError/Deltas2.png Graphic file (type png)
<use figs/chap1/StepError/Deltas2.png>
Package pdftex.def Info: figs/chap1/StepError/Deltas2.png  used on input line 1
363.
(pdftex.def)             Requested size: 164.63853pt x 123.47975pt.